#
# A fatal error has been detected by the Java Runtime Environment:
#
#  SIGSEGV (0xb) at pc=0x0000000103e22d8c, pid=26082, tid=18691
#
# JRE version: Java(TM) SE Runtime Environment (8.0_20-b26) (build 1.8.0_20-b26)
# Java VM: Java HotSpot(TM) 64-Bit Server VM (25.20-b23 mixed mode bsd-amd64 compressed oops)
# Problematic frame:
# V  [libjvm.dylib+0x422d8c]  Method::checked_resolve_jmethod_id(_jmethodID*)+0xe
#
# Failed to write core dump. Core dumps have been disabled. To enable core dumping, try "ulimit -c unlimited" before starting Java again
#
# If you would like to submit a bug report, please visit:
#   http://bugreport.sun.com/bugreport/crash.jsp
#

---------------  T H R E A D  ---------------

Current thread (0x00007fbd95806800):  JavaThread "JDWP Transport Listener: dt_socket" daemon [_thread_in_vm, id=18691, stack(0x0000000121ee7000,0x0000000121fe7000)]

siginfo: si_signo: 11 (SIGSEGV), si_code: 0 (unknown), si_addr: 0x0000000000000000

Registers:
RAX=0x0000000000000001, RBX=0x0000000121fe6a8b, RCX=0x00000001041d5c80, RDX=0x0000000121fe6a8b
RSP=0x0000000121fe69d0, RBP=0x0000000121fe69e0, RSI=0x00007fbd95806800, RDI=0x0005726a2f736573
R8 =0x0000000000000000, R9 =0x00007fbd94f00000, R10=0x0000000000000010, R11=0x00007fbd94f00000
R12=0x00007fbd95806800, R13=0x0005726a2f736573, R14=0x0005726a2f736573, R15=0x00007fbd92f002f0
RIP=0x0000000103e22d8c, EFLAGS=0x0000000000010202, ERR=0x0000000000000000
  TRAPNO=0x000000000000000d

Top of Stack: (sp=0x0000000121fe69d0)
0x0000000121fe69d0:   0000000121fe6a8b 0000000121fe6a8b
0x0000000121fe69e0:   0000000121fe6a40 0000000103d34ec2
0x0000000121fe69f0:   00007fbd95806800 0000000000000000
0x0000000121fe6a00:   0000000000000000 0000000000000000
0x0000000121fe6a10:   00007fbd95806800 00007fbd95806800
0x0000000121fe6a20:   0000000121fe6a8b 0000000121fe6a90
0x0000000121fe6a30:   0005726a2f736573 0000000000000009
0x0000000121fe6a40:   0000000121fe6a60 000000010497d7dc
0x0000000121fe6a50:   0000000000000001 0000000121fe6b08
0x0000000121fe6a60:   0000000121fe6ad0 0000000104962263
0x0000000121fe6a70:   0000000121fe6aa0 00007fbd94f1c210
0x0000000121fe6a80:   0000000a00000032 0000000800fe6b08
0x0000000121fe6a90:   0000000000000000 0000000000000000
0x0000000121fe6aa0:   0000000000000000 0000000121fe6c90
0x0000000121fe6ab0:   0000000104984eca 00007fbd94d2d850
0x0000000121fe6ac0:   0000000121fe6b08 0000000104990588
0x0000000121fe6ad0:   0000000121fe6ae0 000000010496235c
0x0000000121fe6ae0:   0000000121fe6d00 000000010496b8f6
0x0000000121fe6af0:   00002e9800000013 00000000000f0200
0x0000000121fe6b00:   00007fbd94d54fc0 00007fbd94a3ded9
0x0000000121fe6b10:   00007fbd000000ff 00007fbd94ad2620
0x0000000121fe6b20:   00007fbd0000012c 0000000121fe6b58
0x0000000121fe6b30:   00007fbd94ad2620 00007f0000000000
0x0000000121fe6b40:   00002e980000000f 00007fff00009080
0x0000000121fe6b50:   0000000121fe6b58 bd7f00000a000000
0x0000000121fe6b60:   06000000f8bbf492 00003e74696e693c
0x0000000121fe6b70:   6176616a4c281500 74532f676e616c2f
0x0000000121fe6b80:   0056293b676e6972 0001000000000000
0x0000000121fe6b90:   0008bcf492bd7f00 7448746567070000
0x0000000121fe6ba0:   2928140000006c6d 616c2f6176616a4c
0x0000000121fe6bb0:   6e697274532f676e 0000000000003b67
0x0000000121fe6bc0:   f492bd7f00000100 65671c00000010bc 

Instructions: (pc=0x0000000103e22d8c)
0x0000000103e22d6c:   40 48 48 85 c0 75 e0 30 c0 0f b6 c0 5d c3 31 c0
0x0000000103e22d7c:   5d c3 55 48 89 e5 53 48 83 ec 08 48 85 ff 74 24
0x0000000103e22d8c:   48 8b 1f 48 85 db 74 1c 48 83 fb 37 74 16 48 8b
0x0000000103e22d9c:   03 48 89 df ff 50 10 84 c0 b8 00 00 00 00 48 0f 

Register to memory mapping:

RAX=0x0000000000000001 is an unknown value
RBX=0x0000000121fe6a8b is pointing into the stack for thread: 0x00007fbd95806800
RCX=0x00000001041d5c80: UseMembar+0 in /Library/Java/JavaVirtualMachines/jdk1.8.0_20.jdk/Contents/Home/jre/lib/server/libjvm.dylib at 0x0000000103a00000
RDX=0x0000000121fe6a8b is pointing into the stack for thread: 0x00007fbd95806800
RSP=0x0000000121fe69d0 is pointing into the stack for thread: 0x00007fbd95806800
RBP=0x0000000121fe69e0 is pointing into the stack for thread: 0x00007fbd95806800
RSI=0x00007fbd95806800 is a thread
RDI=0x0005726a2f736573 is an unknown value
R8 =0x0000000000000000 is an unknown value
R9 =0x00007fbd94f00000 is an unknown value
R10=0x0000000000000010 is an unknown value
R11=0x00007fbd94f00000 is an unknown value
R12=0x00007fbd95806800 is a thread
R13=0x0005726a2f736573 is an unknown value
R14=0x0005726a2f736573 is an unknown value
R15=0x00007fbd92f002f0 is an unknown value


Stack: [0x0000000121ee7000,0x0000000121fe7000],  sp=0x0000000121fe69d0,  free space=1022k
Native frames: (J=compiled Java code, j=interpreted, Vv=VM code, C=native code)
V  [libjvm.dylib+0x422d8c]  Method::checked_resolve_jmethod_id(_jmethodID*)+0xe
V  [libjvm.dylib+0x334ec2]  jvmti_IsMethodSynthetic+0xb2
C  [libjdwp.dylib+0x207dc]  isMethodSynthetic+0x63
C  [libjdwp.dylib+0x5263]  methods1+0x10b
C  [libjdwp.dylib+0x535c]  methodsWithGeneric+0xe
C  [libjdwp.dylib+0xe8f6]  debugLoop_run+0x1ce
C  [libjdwp.dylib+0x1f716]  attachThread+0x4d
V  [libjvm.dylib+0x375f22]  JvmtiAgentThread::call_start_function()+0x38
V  [libjvm.dylib+0x535a51]  JavaThread::thread_main_inner()+0x9b
V  [libjvm.dylib+0x537194]  JavaThread::run()+0x1c2
V  [libjvm.dylib+0x45d35a]  java_start(Thread*)+0xf6
C  [libsystem_pthread.dylib+0x32fc]  _pthread_body+0x83
C  [libsystem_pthread.dylib+0x3279]  _pthread_body+0x0
C  [libsystem_pthread.dylib+0x14b1]  thread_start+0xd
C  0x0000000000000000


---------------  P R O C E S S  ---------------

Java Threads: ( => current thread )
  0x00007fbd9604f800 JavaThread "Service Thread" daemon [_thread_blocked, id=22275, stack(0x00000001225fc000,0x00000001226fc000)]
  0x00007fbd95807800 JavaThread "C1 CompilerThread3" daemon [_thread_blocked, id=21763, stack(0x00000001224f9000,0x00000001225f9000)]
  0x00007fbd93832800 JavaThread "C2 CompilerThread2" daemon [_thread_blocked, id=21251, stack(0x00000001223f6000,0x00000001224f6000)]
  0x00007fbd93831800 JavaThread "C2 CompilerThread1" daemon [_thread_blocked, id=20739, stack(0x00000001222f3000,0x00000001223f3000)]
  0x00007fbd9383f000 JavaThread "C2 CompilerThread0" daemon [_thread_blocked, id=20227, stack(0x00000001221f0000,0x00000001222f0000)]
  0x00007fbd97001800 JavaThread "JDWP Command Reader" daemon [_thread_in_native, id=19715, stack(0x00000001220ed000,0x00000001221ed000)]
  0x00007fbd96805000 JavaThread "JDWP Event Helper Thread" daemon [_thread_blocked, id=19203, stack(0x0000000121fea000,0x00000001220ea000)]
=>0x00007fbd95806800 JavaThread "JDWP Transport Listener: dt_socket" daemon [_thread_in_vm, id=18691, stack(0x0000000121ee7000,0x0000000121fe7000)]
  0x00007fbd9604c000 JavaThread "Signal Dispatcher" daemon [_thread_blocked, id=15383, stack(0x0000000121ddd000,0x0000000121edd000)]
  0x00007fbd93815800 JavaThread "Finalizer" daemon [_thread_blocked, id=13571, stack(0x000000012048e000,0x000000012058e000)]
  0x00007fbd96804000 JavaThread "Reference Handler" daemon [_thread_blocked, id=13059, stack(0x000000012038b000,0x000000012048b000)]
  0x00007fbd93803800 JavaThread "main" [_thread_blocked, id=4867, stack(0x00000001028fb000,0x00000001029fb000)]

Other Threads:
  0x00007fbd95004000 VMThread [stack: 0x0000000120288000,0x0000000120388000] [id=12547]
  0x00007fbd9604a000 WatcherThread [stack: 0x00000001226ff000,0x00000001227ff000] [id=22787]

VM state:not at safepoint (normal execution)

VM Mutex/Monitor currently owned by a thread: None

Heap:
 PSYoungGen      total 130048K, used 129759K [0x000000076ab00000, 0x0000000773e80000, 0x00000007c0000000)
  eden space 120832K, 100% used [0x000000076ab00000,0x0000000772100000,0x0000000772100000)
  from space 9216K, 96% used [0x0000000773580000,0x0000000773e37f00,0x0000000773e80000)
  to   space 10752K, 0% used [0x0000000772980000,0x0000000772980000,0x0000000773400000)
 ParOldGen       total 83968K, used 8502K [0x00000006c0000000, 0x00000006c5200000, 0x000000076ab00000)
  object space 83968K, 10% used [0x00000006c0000000,0x00000006c084dbb8,0x00000006c5200000)
 Metaspace       used 28957K, capacity 29110K, committed 29360K, reserved 1073152K
  class space    used 4885K, capacity 4929K, committed 5040K, reserved 1048576K

Card table byte_map: [0x0000000113d7d000,0x000000011457e000] byte_map_base: 0x000000011077d000

Marking Bits: (ParMarkBitMap*) 0x000000010429c330
 Begin Bits: [0x00000001152ec000, 0x00000001192ec000)
 End Bits:   [0x00000001192ec000, 0x000000011d2ec000)

Polling page: 0x00000001029fd000

CodeCache: size=245760Kb used=14606Kb max_used=14636Kb free=231153Kb
 bounds [0x00000001049bd000, 0x000000010582d000, 0x00000001139bd000]
 total_blobs=4354 nmethods=3824 adapters=451
 compilation: enabled

Compilation events (10 events):
Event: 18.279 Thread 0x00007fbd93832800 4317       4       org.jruby.RubyRegexp$SearchMatchTask::run (53 bytes)
Event: 18.280 Thread 0x00007fbd93832800 nmethod 4317 0x00000001058072d0 code [0x0000000105807440, 0x0000000105807598]
Event: 18.280 Thread 0x00007fbd93832800 4309       4       org.jruby.ast.NilNode::interpret (9 bytes)
Event: 18.281 Thread 0x00007fbd93832800 nmethod 4309 0x000000010580a2d0 code [0x000000010580a440, 0x000000010580a698]
Event: 18.281 Thread 0x00007fbd93832800 4307       4       org.jruby.RubyString::size (8 bytes)
Event: 18.282 Thread 0x00007fbd93832800 nmethod 4307 0x0000000105807050 code [0x00000001058071a0, 0x0000000105807238]
Event: 18.282 Thread 0x00007fbd93832800 4286       4       org.jruby.runtime.callsite.NormalCachingCallSite::methodMissing (37 bytes)
Event: 18.283 Thread 0x00007fbd93832800 nmethod 4286 0x0000000105809e50 code [0x0000000105809fa0, 0x000000010580a1b8]
Event: 18.288 Thread 0x00007fbd93831800 nmethod 4303 0x0000000105816090 code [0x00000001058164c0, 0x00000001058190c0]
Event: 18.333 Thread 0x00007fbd9383f000 nmethod 4310 0x000000010581ff10 code [0x0000000105821020, 0x0000000105824c28]

GC Heap History (10 events):
Event: 13.435 GC heap before
{Heap before GC invocations=1 (full 0):
 PSYoungGen      total 76288K, used 65536K [0x000000076ab00000, 0x0000000770000000, 0x00000007c0000000)
  eden space 65536K, 100% used [0x000000076ab00000,0x000000076eb00000,0x000000076eb00000)
  from space 10752K, 0% used [0x000000076f580000,0x000000076f580000,0x0000000770000000)
  to   space 10752K, 0% used [0x000000076eb00000,0x000000076eb00000,0x000000076f580000)
 ParOldGen       total 175104K, used 0K [0x00000006c0000000, 0x00000006cab00000, 0x000000076ab00000)
  object space 175104K, 0% used [0x00000006c0000000,0x00000006c0000000,0x00000006cab00000)
 Metaspace       used 12220K, capacity 12342K, committed 12544K, reserved 1060864K
  class space    used 1956K, capacity 2001K, committed 2048K, reserved 1048576K
Event: 13.441 GC heap after
Heap after GC invocations=1 (full 0):
 PSYoungGen      total 76288K, used 7534K [0x000000076ab00000, 0x0000000770000000, 0x00000007c0000000)
  eden space 65536K, 0% used [0x000000076ab00000,0x000000076ab00000,0x000000076eb00000)
  from space 10752K, 70% used [0x000000076eb00000,0x000000076f25ba88,0x000000076f580000)
  to   space 10752K, 0% used [0x000000076f580000,0x000000076f580000,0x0000000770000000)
 ParOldGen       total 175104K, used 16K [0x00000006c0000000, 0x00000006cab00000, 0x000000076ab00000)
  object space 175104K, 0% used [0x00000006c0000000,0x00000006c0004000,0x00000006cab00000)
 Metaspace       used 12220K, capacity 12342K, committed 12544K, reserved 1060864K
  class space    used 1956K, capacity 2001K, committed 2048K, reserved 1048576K
}
Event: 13.933 GC heap before
{Heap before GC invocations=2 (full 0):
 PSYoungGen      total 76288K, used 73070K [0x000000076ab00000, 0x0000000770000000, 0x00000007c0000000)
  eden space 65536K, 100% used [0x000000076ab00000,0x000000076eb00000,0x000000076eb00000)
  from space 10752K, 70% used [0x000000076eb00000,0x000000076f25ba88,0x000000076f580000)
  to   space 10752K, 0% used [0x000000076f580000,0x000000076f580000,0x0000000770000000)
 ParOldGen       total 175104K, used 16K [0x00000006c0000000, 0x00000006cab00000, 0x000000076ab00000)
  object space 175104K, 0% used [0x00000006c0000000,0x00000006c0004000,0x00000006cab00000)
 Metaspace       used 18104K, capacity 18236K, committed 18304K, reserved 1064960K
  class space    used 3628K, capacity 3666K, committed 3712K, reserved 1048576K
Event: 13.941 GC heap after
Heap after GC invocations=2 (full 0):
 PSYoungGen      total 76288K, used 9451K [0x000000076ab00000, 0x0000000770000000, 0x00000007c0000000)
  eden space 65536K, 0% used [0x000000076ab00000,0x000000076ab00000,0x000000076eb00000)
  from space 10752K, 87% used [0x000000076f580000,0x000000076febac00,0x0000000770000000)
  to   space 10752K, 0% used [0x000000076eb00000,0x000000076eb00000,0x000000076f580000)
 ParOldGen       total 175104K, used 24K [0x00000006c0000000, 0x00000006cab00000, 0x000000076ab00000)
  object space 175104K, 0% used [0x00000006c0000000,0x00000006c0006000,0x00000006cab00000)
 Metaspace       used 18104K, capacity 18236K, committed 18304K, reserved 1064960K
  class space    used 3628K, capacity 3666K, committed 3712K, reserved 1048576K
}
Event: 14.245 GC heap before
{Heap before GC invocations=3 (full 0):
 PSYoungGen      total 76288K, used 53273K [0x000000076ab00000, 0x0000000770000000, 0x00000007c0000000)
  eden space 65536K, 66% used [0x000000076ab00000,0x000000076d5cba90,0x000000076eb00000)
  from space 10752K, 87% used [0x000000076f580000,0x000000076febac00,0x0000000770000000)
  to   space 10752K, 0% used [0x000000076eb00000,0x000000076eb00000,0x000000076f580000)
 ParOldGen       total 175104K, used 24K [0x00000006c0000000, 0x00000006cab00000, 0x000000076ab00000)
  object space 175104K, 0% used [0x00000006c0000000,0x00000006c0006000,0x00000006cab00000)
 Metaspace       used 21164K, capacity 21244K, committed 21296K, reserved 1067008K
  class space    used 4067K, capacity 4114K, committed 4144K, reserved 1048576K
Event: 14.251 GC heap after
Heap after GC invocations=3 (full 0):
 PSYoungGen      total 76288K, used 8712K [0x000000076ab00000, 0x0000000774000000, 0x00000007c0000000)
  eden space 65536K, 0% used [0x000000076ab00000,0x000000076ab00000,0x000000076eb00000)
  from space 10752K, 81% used [0x000000076eb00000,0x000000076f382248,0x000000076f580000)
  to   space 10752K, 0% used [0x0000000773580000,0x0000000773580000,0x0000000774000000)
 ParOldGen       total 175104K, used 32K [0x00000006c0000000, 0x00000006cab00000, 0x000000076ab00000)
  object space 175104K, 0% used [0x00000006c0000000,0x00000006c0008000,0x00000006cab00000)
 Metaspace       used 21164K, capacity 21244K, committed 21296K, reserved 1067008K
  class space    used 4067K, capacity 4114K, committed 4144K, reserved 1048576K
}
Event: 14.251 GC heap before
{Heap before GC invocations=4 (full 1):
 PSYoungGen      total 76288K, used 8712K [0x000000076ab00000, 0x0000000774000000, 0x00000007c0000000)
  eden space 65536K, 0% used [0x000000076ab00000,0x000000076ab00000,0x000000076eb00000)
  from space 10752K, 81% used [0x000000076eb00000,0x000000076f382248,0x000000076f580000)
  to   space 10752K, 0% used [0x0000000773580000,0x0000000773580000,0x0000000774000000)
 ParOldGen       total 175104K, used 32K [0x00000006c0000000, 0x00000006cab00000, 0x000000076ab00000)
  object space 175104K, 0% used [0x00000006c0000000,0x00000006c0008000,0x00000006cab00000)
 Metaspace       used 21164K, capacity 21244K, committed 21296K, reserved 1067008K
  class space    used 4067K, capacity 4114K, committed 4144K, reserved 1048576K
Event: 14.277 GC heap after
Heap after GC invocations=4 (full 1):
 PSYoungGen      total 76288K, used 0K [0x000000076ab00000, 0x0000000774000000, 0x00000007c0000000)
  eden space 65536K, 0% used [0x000000076ab00000,0x000000076ab00000,0x000000076eb00000)
  from space 10752K, 0% used [0x000000076eb00000,0x000000076eb00000,0x000000076f580000)
  to   space 10752K, 0% used [0x0000000773580000,0x0000000773580000,0x0000000774000000)
 ParOldGen       total 83968K, used 8494K [0x00000006c0000000, 0x00000006c5200000, 0x000000076ab00000)
  object space 83968K, 10% used [0x00000006c0000000,0x00000006c084bbb8,0x00000006c5200000)
 Metaspace       used 21164K, capacity 21244K, committed 21296K, reserved 1067008K
  class space    used 4067K, capacity 4114K, committed 4144K, reserved 1048576K
}
Event: 15.149 GC heap before
{Heap before GC invocations=5 (full 1):
 PSYoungGen      total 76288K, used 65536K [0x000000076ab00000, 0x0000000774000000, 0x00000007c0000000)
  eden space 65536K, 100% used [0x000000076ab00000,0x000000076eb00000,0x000000076eb00000)
  from space 10752K, 0% used [0x000000076eb00000,0x000000076eb00000,0x000000076f580000)
  to   space 10752K, 0% used [0x0000000773580000,0x0000000773580000,0x0000000774000000)
 ParOldGen       total 83968K, used 8494K [0x00000006c0000000, 0x00000006c5200000, 0x000000076ab00000)
  object space 83968K, 10% used [0x00000006c0000000,0x00000006c084bbb8,0x00000006c5200000)
 Metaspace       used 26733K, capacity 26848K, committed 27056K, reserved 1071104K
  class space    used 4723K, capacity 4761K, committed 4784K, reserved 1048576K
Event: 15.156 GC heap after
Heap after GC invocations=5 (full 1):
 PSYoungGen      total 130048K, used 8927K [0x000000076ab00000, 0x0000000773e80000, 0x00000007c0000000)
  eden space 120832K, 0% used [0x000000076ab00000,0x000000076ab00000,0x0000000772100000)
  from space 9216K, 96% used [0x0000000773580000,0x0000000773e37f00,0x0000000773e80000)
  to   space 10752K, 0% used [0x0000000772980000,0x0000000772980000,0x0000000773400000)
 ParOldGen       total 83968K, used 8502K [0x00000006c0000000, 0x00000006c5200000, 0x000000076ab00000)
  object space 83968K, 10% used [0x00000006c0000000,0x00000006c084dbb8,0x00000006c5200000)
 Metaspace       used 26733K, capacity 26848K, committed 27056K, reserved 1071104K
  class space    used 4723K, capacity 4761K, committed 4784K, reserved 1048576K
}

Deoptimization events (10 events):
Event: 17.723 Thread 0x00007fbd93803800 Uncommon trap: reason=array_check action=maybe_recompile pc=0x000000010567eee8 method=java.util.Arrays.fill([Ljava/lang/Object;Ljava/lang/Object;)V @ 13
Event: 17.728 Thread 0x00007fbd93803800 Uncommon trap: reason=class_check action=maybe_recompile pc=0x00000001056ba97c method=java.util.Collections$UnmodifiableMap$UnmodifiableEntrySet$UnmodifiableEntry.<init>(Ljava/util/Map$Entry;)V @ 9
Event: 17.728 Thread 0x00007fbd93803800 Uncommon trap: reason=class_check action=maybe_recompile pc=0x00000001056ba97c method=java.util.Collections$UnmodifiableMap$UnmodifiableEntrySet$UnmodifiableEntry.<init>(Ljava/util/Map$Entry;)V @ 9
Event: 17.728 Thread 0x00007fbd93803800 Uncommon trap: reason=class_check action=maybe_recompile pc=0x00000001056ba97c method=java.util.Collections$UnmodifiableMap$UnmodifiableEntrySet$UnmodifiableEntry.<init>(Ljava/util/Map$Entry;)V @ 9
Event: 17.728 Thread 0x00007fbd93803800 Uncommon trap: reason=class_check action=maybe_recompile pc=0x00000001056ba97c method=java.util.Collections$UnmodifiableMap$UnmodifiableEntrySet$UnmodifiableEntry.<init>(Ljava/util/Map$Entry;)V @ 9
Event: 17.919 Thread 0x00007fbd93803800 Uncommon trap: reason=unreached action=reinterpret pc=0x0000000105778ccc method=java.lang.ThreadLocal$ThreadLocalMap.getEntry(Ljava/lang/ThreadLocal;)Ljava/lang/ThreadLocal$ThreadLocalMap$Entry; @ 29
Event: 18.252 Thread 0x00007fbd93803800 Uncommon trap: reason=class_check action=maybe_recompile pc=0x0000000104de6a4c method=org.jsoup.select.Collector$Accumulator.head(Lorg/jsoup/nodes/Node;I)V @ 8
Event: 18.252 Thread 0x00007fbd93803800 Uncommon trap: reason=class_check action=maybe_recompile pc=0x0000000104de6940 method=org.jsoup.select.Collector$Accumulator.head(Lorg/jsoup/nodes/Node;I)V @ 21
Event: 18.252 Thread 0x00007fbd93803800 Uncommon trap: reason=class_check action=maybe_recompile pc=0x0000000104de6940 method=org.jsoup.select.Collector$Accumulator.head(Lorg/jsoup/nodes/Node;I)V @ 21
Event: 18.252 Thread 0x00007fbd93803800 Uncommon trap: reason=class_check action=maybe_recompile pc=0x0000000104de6940 method=org.jsoup.select.Collector$Accumulator.head(Lorg/jsoup/nodes/Node;I)V @ 21

Internal exceptions (10 events):
Event: 18.183 Thread 0x00007fbd93803800 Exception <a 'java/security/PrivilegedActionException'> (0x0000000771a0ef28) thrown at [/HUDSON3/workspace/8-2-build-macosx-x86_64/jdk8u20/1074/hotspot/src/share/vm/prims/jvm.cpp, line 1275]
Event: 18.183 Thread 0x00007fbd93803800 Exception <a 'java/security/PrivilegedActionException'> (0x0000000771a0f940) thrown at [/HUDSON3/workspace/8-2-build-macosx-x86_64/jdk8u20/1074/hotspot/src/share/vm/prims/jvm.cpp, line 1275]
Event: 18.184 Thread 0x00007fbd93803800 Exception <a 'java/security/PrivilegedActionException'> (0x0000000771a17790) thrown at [/HUDSON3/workspace/8-2-build-macosx-x86_64/jdk8u20/1074/hotspot/src/share/vm/prims/jvm.cpp, line 1275]
Event: 18.184 Thread 0x00007fbd93803800 Exception <a 'java/security/PrivilegedActionException'> (0x0000000771a1c130) thrown at [/HUDSON3/workspace/8-2-build-macosx-x86_64/jdk8u20/1074/hotspot/src/share/vm/prims/jvm.cpp, line 1275]
Event: 18.184 Thread 0x00007fbd93803800 Exception <a 'java/security/PrivilegedActionException'> (0x0000000771a20a38) thrown at [/HUDSON3/workspace/8-2-build-macosx-x86_64/jdk8u20/1074/hotspot/src/share/vm/prims/jvm.cpp, line 1275]
Event: 18.184 Thread 0x00007fbd93803800 Exception <a 'java/security/PrivilegedActionException'> (0x0000000771a24e58) thrown at [/HUDSON3/workspace/8-2-build-macosx-x86_64/jdk8u20/1074/hotspot/src/share/vm/prims/jvm.cpp, line 1275]
Event: 18.184 Thread 0x00007fbd93803800 Exception <a 'java/security/PrivilegedActionException'> (0x0000000771a255f8) thrown at [/HUDSON3/workspace/8-2-build-macosx-x86_64/jdk8u20/1074/hotspot/src/share/vm/prims/jvm.cpp, line 1275]
Event: 18.184 Thread 0x00007fbd93803800 Exception <a 'java/security/PrivilegedActionException'> (0x0000000771a28570) thrown at [/HUDSON3/workspace/8-2-build-macosx-x86_64/jdk8u20/1074/hotspot/src/share/vm/prims/jvm.cpp, line 1275]
Event: 18.184 Thread 0x00007fbd93803800 Exception <a 'java/security/PrivilegedActionException'> (0x0000000771a2c990) thrown at [/HUDSON3/workspace/8-2-build-macosx-x86_64/jdk8u20/1074/hotspot/src/share/vm/prims/jvm.cpp, line 1275]
Event: 18.184 Thread 0x00007fbd93803800 Exception <a 'java/security/PrivilegedActionException'> (0x0000000771a2d130) thrown at [/HUDSON3/workspace/8-2-build-macosx-x86_64/jdk8u20/1074/hotspot/src/share/vm/prims/jvm.cpp, line 1275]

Events (10 events):
Event: 352.322 Executing VM operation: ChangeBreakpoints
Event: 352.322 Executing VM operation: ChangeBreakpoints done
Event: 352.328 Executing VM operation: ChangeBreakpoints
Event: 352.328 Executing VM operation: ChangeBreakpoints done
Event: 428.435 Executing VM operation: GetOrSetLocal
Event: 428.435 Executing VM operation: GetOrSetLocal done
Event: 636.455 Executing VM operation: RedefineClasses
Event: 636.487 Executing VM operation: RedefineClasses done
Event: 657.590 Executing VM operation: GetOrSetLocal
Event: 657.590 Executing VM operation: GetOrSetLocal done


Dynamic libraries:
0x00000000023fb000 	/System/Library/Frameworks/Cocoa.framework/Versions/A/Cocoa
0x00000000023fb000 	/System/Library/Frameworks/Security.framework/Versions/A/Security
0x00000000023fb000 	/System/Library/Frameworks/ApplicationServices.framework/Versions/A/ApplicationServices
0x00000000023fb000 	/usr/lib/libz.1.dylib
0x00000000023fb000 	/usr/lib/libSystem.B.dylib
0x00000000023fb000 	/usr/lib/libobjc.A.dylib
0x00000000023fb000 	/System/Library/Frameworks/CoreFoundation.framework/Versions/A/CoreFoundation
0x00000000023fb000 	/System/Library/Frameworks/Foundation.framework/Versions/C/Foundation
0x00000000023fb000 	/System/Library/Frameworks/AppKit.framework/Versions/C/AppKit
0x00000000023fb000 	/System/Library/Frameworks/CoreData.framework/Versions/A/CoreData
0x00000000023fb000 	/System/Library/PrivateFrameworks/RemoteViewServices.framework/Versions/A/RemoteViewServices
0x00000000023fb000 	/System/Library/PrivateFrameworks/UIFoundation.framework/Versions/A/UIFoundation
0x00000000023fb000 	/System/Library/Frameworks/IOSurface.framework/Versions/A/IOSurface
0x00000000023fb000 	/System/Library/Frameworks/AudioToolbox.framework/Versions/A/AudioToolbox
0x00000000023fb000 	/System/Library/Frameworks/AudioUnit.framework/Versions/A/AudioUnit
0x00000000023fb000 	/System/Library/PrivateFrameworks/DataDetectorsCore.framework/Versions/A/DataDetectorsCore
0x00000000023fb000 	/System/Library/PrivateFrameworks/DesktopServicesPriv.framework/Versions/A/DesktopServicesPriv
0x00000000023fb000 	/System/Library/Frameworks/Carbon.framework/Versions/A/Frameworks/HIToolbox.framework/Versions/A/HIToolbox
0x00000000023fb000 	/System/Library/Frameworks/QuartzCore.framework/Versions/A/QuartzCore
0x00000000023fb000 	/System/Library/Frameworks/Carbon.framework/Versions/A/Frameworks/SpeechRecognition.framework/Versions/A/SpeechRecognition
0x00000000023fb000 	/usr/lib/libauto.dylib
0x00000000023fb000 	/usr/lib/libicucore.A.dylib
0x00000000023fb000 	/usr/lib/libxml2.2.dylib
0x00000000023fb000 	/System/Library/PrivateFrameworks/CoreUI.framework/Versions/A/CoreUI
0x00000000023fb000 	/System/Library/Frameworks/CoreAudio.framework/Versions/A/CoreAudio
0x00000000023fb000 	/System/Library/Frameworks/DiskArbitration.framework/Versions/A/DiskArbitration
0x00000000023fb000 	/usr/lib/liblangid.dylib
0x00000000023fb000 	/System/Library/PrivateFrameworks/MultitouchSupport.framework/Versions/A/MultitouchSupport
0x00000000023fb000 	/System/Library/Frameworks/IOKit.framework/Versions/A/IOKit
0x00000000023fb000 	/usr/lib/libDiagnosticMessagesClient.dylib
0x00000000023fb000 	/System/Library/Frameworks/CoreServices.framework/Versions/A/CoreServices
0x00000000023fb000 	/System/Library/PrivateFrameworks/PerformanceAnalysis.framework/Versions/A/PerformanceAnalysis
0x00000000023fb000 	/System/Library/PrivateFrameworks/GenerationalStorage.framework/Versions/A/GenerationalStorage
0x00000000023fb000 	/System/Library/Frameworks/OpenGL.framework/Versions/A/OpenGL
0x00000000023fb000 	/System/Library/PrivateFrameworks/Sharing.framework/Versions/A/Sharing
0x00000000023fb000 	/System/Library/Frameworks/CoreGraphics.framework/Versions/A/CoreGraphics
0x00000000023fb000 	/System/Library/Frameworks/CoreText.framework/Versions/A/CoreText
0x00000000023fb000 	/System/Library/Frameworks/ImageIO.framework/Versions/A/ImageIO
0x00000000023fb000 	/usr/lib/libextension.dylib
0x00000000023fb000 	/System/Library/PrivateFrameworks/Backup.framework/Versions/A/Backup
0x00000000023fb000 	/usr/lib/libarchive.2.dylib
0x00000000023fb000 	/System/Library/Frameworks/CFNetwork.framework/Versions/A/CFNetwork
0x00000000023fb000 	/System/Library/Frameworks/SystemConfiguration.framework/Versions/A/SystemConfiguration
0x00000000023fb000 	/usr/lib/libCRFSuite.dylib
0x00000000023fb000 	/usr/lib/libc++.1.dylib
0x00000000023fb000 	/usr/lib/libc++abi.dylib
0x00000000023fb000 	/usr/lib/system/libcache.dylib
0x00000000023fb000 	/usr/lib/system/libcommonCrypto.dylib
0x00000000023fb000 	/usr/lib/system/libcompiler_rt.dylib
0x00000000023fb000 	/usr/lib/system/libcopyfile.dylib
0x00000000023fb000 	/usr/lib/system/libcorecrypto.dylib
0x00000000023fb000 	/usr/lib/system/libdispatch.dylib
0x00000000023fb000 	/usr/lib/system/libdyld.dylib
0x00000000023fb000 	/usr/lib/system/libkeymgr.dylib
0x00000000023fb000 	/usr/lib/system/liblaunch.dylib
0x00000000023fb000 	/usr/lib/system/libmacho.dylib
0x00000000023fb000 	/usr/lib/system/libquarantine.dylib
0x00000000023fb000 	/usr/lib/system/libremovefile.dylib
0x00000000023fb000 	/usr/lib/system/libsystem_asl.dylib
0x00000000023fb000 	/usr/lib/system/libsystem_blocks.dylib
0x00000000023fb000 	/usr/lib/system/libsystem_c.dylib
0x00000000023fb000 	/usr/lib/system/libsystem_configuration.dylib
0x00000000023fb000 	/usr/lib/system/libsystem_coreservices.dylib
0x00000000023fb000 	/usr/lib/system/libsystem_coretls.dylib
0x00000000023fb000 	/usr/lib/system/libsystem_dnssd.dylib
0x00000000023fb000 	/usr/lib/system/libsystem_info.dylib
0x00000000023fb000 	/usr/lib/system/libsystem_kernel.dylib
0x00000000023fb000 	/usr/lib/system/libsystem_m.dylib
0x00000000023fb000 	/usr/lib/system/libsystem_malloc.dylib
0x00000000023fb000 	/usr/lib/system/libsystem_network.dylib
0x00000000023fb000 	/usr/lib/system/libsystem_networkextension.dylib
0x00000000023fb000 	/usr/lib/system/libsystem_notify.dylib
0x00000000023fb000 	/usr/lib/system/libsystem_platform.dylib
0x00000000023fb000 	/usr/lib/system/libsystem_pthread.dylib
0x00000000023fb000 	/usr/lib/system/libsystem_sandbox.dylib
0x00000000023fb000 	/usr/lib/system/libsystem_secinit.dylib
0x00000000023fb000 	/usr/lib/system/libsystem_stats.dylib
0x00000000023fb000 	/usr/lib/system/libsystem_trace.dylib
0x00000000023fb000 	/usr/lib/system/libunc.dylib
0x00000000023fb000 	/usr/lib/system/libunwind.dylib
0x00000000023fb000 	/usr/lib/system/libxpc.dylib
0x00000000023fb000 	/usr/lib/libbz2.1.0.dylib
0x00000000023fb000 	/usr/lib/liblzma.5.dylib
0x00000000023fb000 	/usr/lib/libbsm.0.dylib
0x00000000023fb000 	/usr/lib/libsqlite3.dylib
0x00000000023fb000 	/usr/lib/system/libkxld.dylib
0x00000000023fb000 	/usr/lib/libxar.1.dylib
0x00000000023fb000 	/usr/lib/libpam.2.dylib
0x00000000023fb000 	/usr/lib/libOpenScriptingUtil.dylib
0x00000000023fb000 	/System/Library/Frameworks/CoreServices.framework/Versions/A/Frameworks/FSEvents.framework/Versions/A/FSEvents
0x00000000023fb000 	/System/Library/Frameworks/CoreServices.framework/Versions/A/Frameworks/CarbonCore.framework/Versions/A/CarbonCore
0x00000000023fb000 	/System/Library/Frameworks/CoreServices.framework/Versions/A/Frameworks/Metadata.framework/Versions/A/Metadata
0x00000000023fb000 	/System/Library/Frameworks/CoreServices.framework/Versions/A/Frameworks/OSServices.framework/Versions/A/OSServices
0x00000000023fb000 	/System/Library/Frameworks/CoreServices.framework/Versions/A/Frameworks/SearchKit.framework/Versions/A/SearchKit
0x00000000023fb000 	/System/Library/Frameworks/CoreServices.framework/Versions/A/Frameworks/AE.framework/Versions/A/AE
0x00000000023fb000 	/System/Library/Frameworks/CoreServices.framework/Versions/A/Frameworks/LaunchServices.framework/Versions/A/LaunchServices
0x00000000023fb000 	/System/Library/Frameworks/CoreServices.framework/Versions/A/Frameworks/DictionaryServices.framework/Versions/A/DictionaryServices
0x00000000023fb000 	/System/Library/Frameworks/NetFS.framework/Versions/A/NetFS
0x00000000023fb000 	/System/Library/PrivateFrameworks/NetAuth.framework/Versions/A/NetAuth
0x00000000023fb000 	/System/Library/PrivateFrameworks/login.framework/Versions/A/Frameworks/loginsupport.framework/Versions/A/loginsupport
0x00000000023fb000 	/System/Library/PrivateFrameworks/TCC.framework/Versions/A/TCC
0x00000000023fb000 	/usr/lib/libmecabra.dylib
0x00000000023fb000 	/System/Library/PrivateFrameworks/LanguageModeling.framework/Versions/A/LanguageModeling
0x00000000023fb000 	/usr/lib/libcmph.dylib
0x00000000023fb000 	/usr/lib/libiconv.2.dylib
0x00000000023fb000 	/System/Library/Frameworks/OpenDirectory.framework/Versions/A/Frameworks/CFOpenDirectory.framework/Versions/A/CFOpenDirectory
0x00000000023fb000 	/System/Library/Frameworks/ServiceManagement.framework/Versions/A/ServiceManagement
0x00000000023fb000 	/usr/lib/libxslt.1.dylib
0x00000000023fb000 	/System/Library/Frameworks/Carbon.framework/Versions/A/Frameworks/Ink.framework/Versions/A/Ink
0x00000000023fb000 	/System/Library/Frameworks/ApplicationServices.framework/Versions/A/Frameworks/ATS.framework/Versions/A/ATS
0x00000000023fb000 	/System/Library/Frameworks/ApplicationServices.framework/Versions/A/Frameworks/ColorSync.framework/Versions/A/ColorSync
0x00000000023fb000 	/System/Library/Frameworks/ApplicationServices.framework/Versions/A/Frameworks/HIServices.framework/Versions/A/HIServices
0x00000000023fb000 	/System/Library/Frameworks/ApplicationServices.framework/Versions/A/Frameworks/LangAnalysis.framework/Versions/A/LangAnalysis
0x00000000023fb000 	/System/Library/Frameworks/ApplicationServices.framework/Versions/A/Frameworks/PrintCore.framework/Versions/A/PrintCore
0x00000000023fb000 	/System/Library/Frameworks/ApplicationServices.framework/Versions/A/Frameworks/QD.framework/Versions/A/QD
0x00000000023fb000 	/System/Library/Frameworks/ApplicationServices.framework/Versions/A/Frameworks/SpeechSynthesis.framework/Versions/A/SpeechSynthesis
0x00000000023fb000 	/System/Library/Frameworks/Accelerate.framework/Versions/A/Accelerate
0x00000000023fb000 	/System/Library/Frameworks/Accelerate.framework/Versions/A/Frameworks/vImage.framework/Versions/A/vImage
0x00000000023fb000 	/System/Library/Frameworks/Accelerate.framework/Versions/A/Frameworks/vecLib.framework/Versions/A/vecLib
0x00000000023fb000 	/System/Library/Frameworks/Accelerate.framework/Versions/A/Frameworks/vecLib.framework/Versions/A/libvDSP.dylib
0x00000000023fb000 	/System/Library/Frameworks/Accelerate.framework/Versions/A/Frameworks/vecLib.framework/Versions/A/libvMisc.dylib
0x00000000023fb000 	/System/Library/Frameworks/Accelerate.framework/Versions/A/Frameworks/vecLib.framework/Versions/A/libLAPACK.dylib
0x00000000023fb000 	/System/Library/Frameworks/Accelerate.framework/Versions/A/Frameworks/vecLib.framework/Versions/A/libBLAS.dylib
0x00000000023fb000 	/System/Library/Frameworks/Accelerate.framework/Versions/A/Frameworks/vecLib.framework/Versions/A/libLinearAlgebra.dylib
0x00000000023fb000 	/System/Library/Frameworks/ApplicationServices.framework/Versions/A/Frameworks/ATS.framework/Versions/A/Resources/libFontParser.dylib
0x00000000023fb000 	/System/Library/Frameworks/ApplicationServices.framework/Versions/A/Frameworks/ATS.framework/Versions/A/Resources/libFontRegistry.dylib
0x00000000023fb000 	/System/Library/PrivateFrameworks/AppleVPA.framework/Versions/A/AppleVPA
0x00000000023fb000 	/System/Library/PrivateFrameworks/AppleJPEG.framework/Versions/A/AppleJPEG
0x00000000023fb000 	/System/Library/Frameworks/ImageIO.framework/Versions/A/Resources/libJPEG.dylib
0x00000000023fb000 	/System/Library/Frameworks/ImageIO.framework/Versions/A/Resources/libTIFF.dylib
0x00000000023fb000 	/System/Library/Frameworks/ImageIO.framework/Versions/A/Resources/libPng.dylib
0x00000000023fb000 	/System/Library/Frameworks/ImageIO.framework/Versions/A/Resources/libGIF.dylib
0x00000000023fb000 	/System/Library/Frameworks/ImageIO.framework/Versions/A/Resources/libJP2.dylib
0x00000000023fb000 	/System/Library/Frameworks/ImageIO.framework/Versions/A/Resources/libRadiance.dylib
0x00000000023fb000 	/System/Library/Frameworks/CoreVideo.framework/Versions/A/CoreVideo
0x00000000023fb000 	/System/Library/Frameworks/OpenGL.framework/Versions/A/Libraries/libGLU.dylib
0x00000000023fb000 	/System/Library/Frameworks/OpenGL.framework/Versions/A/Libraries/libGFXShared.dylib
0x00000000023fb000 	/System/Library/Frameworks/OpenGL.framework/Versions/A/Libraries/libGL.dylib
0x00000000023fb000 	/System/Library/Frameworks/OpenGL.framework/Versions/A/Libraries/libGLImage.dylib
0x00000000023fb000 	/System/Library/Frameworks/OpenGL.framework/Versions/A/Libraries/libCVMSPluginSupport.dylib
0x00000000023fb000 	/System/Library/Frameworks/OpenGL.framework/Versions/A/Libraries/libCoreVMClient.dylib
0x00000000023fb000 	/usr/lib/libcups.2.dylib
0x00000000023fb000 	/System/Library/Frameworks/Kerberos.framework/Versions/A/Kerberos
0x00000000023fb000 	/System/Library/Frameworks/GSS.framework/Versions/A/GSS
0x00000000023fb000 	/usr/lib/libresolv.9.dylib
0x00000000023fb000 	/System/Library/PrivateFrameworks/Heimdal.framework/Versions/A/Heimdal
0x00000000023fb000 	/usr/lib/libheimdal-asn1.dylib
0x00000000023fb000 	/System/Library/Frameworks/OpenDirectory.framework/Versions/A/OpenDirectory
0x00000000023fb000 	/System/Library/PrivateFrameworks/CommonAuth.framework/Versions/A/CommonAuth
0x00000000023fb000 	/System/Library/Frameworks/SecurityFoundation.framework/Versions/A/SecurityFoundation
0x00000000023fb000 	/System/Library/Frameworks/QuartzCore.framework/Versions/A/Frameworks/CoreImage.framework/Versions/A/CoreImage
0x00000000023fb000 	/System/Library/PrivateFrameworks/CrashReporterSupport.framework/Versions/A/CrashReporterSupport
0x00000000023fb000 	/System/Library/Frameworks/OpenCL.framework/Versions/A/OpenCL
0x00000000023fb000 	/System/Library/PrivateFrameworks/FaceCore.framework/Versions/A/FaceCore
0x00000000023fb000 	/System/Library/PrivateFrameworks/Ubiquity.framework/Versions/A/Ubiquity
0x00000000023fb000 	/System/Library/PrivateFrameworks/IconServices.framework/Versions/A/IconServices
0x00000000023fb000 	/System/Library/PrivateFrameworks/ChunkingLibrary.framework/Versions/A/ChunkingLibrary
0x00000000023fb000 	/System/Library/PrivateFrameworks/Apple80211.framework/Versions/A/Apple80211
0x00000000023fb000 	/System/Library/Frameworks/CoreWLAN.framework/Versions/A/CoreWLAN
0x00000000023fb000 	/System/Library/Frameworks/IOBluetooth.framework/Versions/A/IOBluetooth
0x00000000023fb000 	/System/Library/PrivateFrameworks/CoreWiFi.framework/Versions/A/CoreWiFi
0x00000000023fb000 	/System/Library/Frameworks/CoreBluetooth.framework/Versions/A/CoreBluetooth
0x00000000023fb000 	/System/Library/PrivateFrameworks/DebugSymbols.framework/Versions/A/DebugSymbols
0x00000000023fb000 	/System/Library/PrivateFrameworks/CoreSymbolication.framework/Versions/A/CoreSymbolication
0x00000000023fb000 	/System/Library/PrivateFrameworks/Symbolication.framework/Versions/A/Symbolication
0x00000000023fb000 	/System/Library/PrivateFrameworks/SpeechRecognitionCore.framework/Versions/A/SpeechRecognitionCore
0x0000000103a00000 	/Library/Java/JavaVirtualMachines/jdk1.8.0_20.jdk/Contents/Home/jre/lib/server/libjvm.dylib
0x00000000023fb000 	/usr/lib/libstdc++.6.dylib
0x000000010491b000 	/Library/Java/JavaVirtualMachines/jdk1.8.0_20.jdk/Contents/Home/jre/lib/libverify.dylib
0x0000000104929000 	/Library/Java/JavaVirtualMachines/jdk1.8.0_20.jdk/Contents/Home/jre/lib/libjava.dylib
0x000000010495d000 	/Library/Java/JavaVirtualMachines/jdk1.8.0_20.jdk/Contents/Home/jre/lib/libjdwp.dylib
0x00000001049a8000 	/Library/Java/JavaVirtualMachines/jdk1.8.0_20.jdk/Contents/Home/jre/lib/libnpt.dylib
0x00000001049b4000 	/Library/Java/JavaVirtualMachines/jdk1.8.0_20.jdk/Contents/Home/jre/lib/libzip.dylib
0x0000000120590000 	/System/Library/Frameworks/JavaVM.framework/Frameworks/JavaRuntimeSupport.framework/JavaRuntimeSupport
0x00000001205a8000 	/System/Library/Frameworks/JavaVM.framework/Versions/A/Frameworks/JavaNativeFoundation.framework/Versions/A/JavaNativeFoundation
0x00000001205bd000 	/System/Library/Frameworks/JavaVM.framework/Versions/A/JavaVM
0x00000000023fb000 	/System/Library/Frameworks/Carbon.framework/Versions/A/Carbon
0x00000001205ca000 	/System/Library/PrivateFrameworks/JavaLaunching.framework/Versions/A/JavaLaunching
0x00000000023fb000 	/System/Library/Frameworks/Carbon.framework/Versions/A/Frameworks/CommonPanels.framework/Versions/A/CommonPanels
0x00000000023fb000 	/System/Library/Frameworks/Carbon.framework/Versions/A/Frameworks/Help.framework/Versions/A/Help
0x00000000023fb000 	/System/Library/Frameworks/Carbon.framework/Versions/A/Frameworks/ImageCapture.framework/Versions/A/ImageCapture
0x00000000023fb000 	/System/Library/Frameworks/Carbon.framework/Versions/A/Frameworks/OpenScripting.framework/Versions/A/OpenScripting
0x00000000023fb000 	/System/Library/Frameworks/Carbon.framework/Versions/A/Frameworks/Print.framework/Versions/A/Print
0x00000000023fb000 	/System/Library/Frameworks/Carbon.framework/Versions/A/Frameworks/SecurityHI.framework/Versions/A/SecurityHI
0x0000000121edf000 	/Library/Java/JavaVirtualMachines/jdk1.8.0_20.jdk/Contents/Home/jre/lib/libdt_socket.dylib
0x00000001206bc000 	/Library/Java/JavaVirtualMachines/jdk1.8.0_20.jdk/Contents/Home/jre/lib/libnet.dylib
0x0000000120746000 	/Library/Java/JavaVirtualMachines/jdk1.8.0_20.jdk/Contents/Home/jre/lib/libnio.dylib
0x00000001205fc000 	/private/var/folders/09/f7zsrzrx60q5hfrvdmnbw08m0000gp/T/jffi2306281834573902365.tmp

VM Arguments:
jvm_args: -agentlib:jdwp=transport=dt_socket,address=127.0.0.1:60663,suspend=y,server=n -ea -Dfile.encoding=UTF-8 
java_command: com.intellij.rt.execution.junit.JUnitStarter -ideVersion5 SectionTocHtmlTests
java_class_path (initial): /Applications/IntelliJ IDEA 14 CE.app/Contents/lib/idea_rt.jar:/Applications/IntelliJ IDEA 14 CE.app/Contents/plugins/junit/lib/junit-rt.jar:/Library/Java/JavaVirtualMachines/jdk1.8.0_20.jdk/Contents/Home/lib/ant-javafx.jar:/Library/Java/JavaVirtualMachines/jdk1.8.0_20.jdk/Contents/Home/lib/dt.jar:/Library/Java/JavaVirtualMachines/jdk1.8.0_20.jdk/Contents/Home/lib/javafx-mx.jar:/Library/Java/JavaVirtualMachines/jdk1.8.0_20.jdk/Contents/Home/lib/jconsole.jar:/Library/Java/JavaVirtualMachines/jdk1.8.0_20.jdk/Contents/Home/lib/sa-jdi.jar:/Library/Java/JavaVirtualMachines/jdk1.8.0_20.jdk/Contents/Home/lib/tools.jar:/Library/Java/JavaVirtualMachines/jdk1.8.0_20.jdk/Contents/Home/jre/lib/charsets.jar:/Library/Java/JavaVirtualMachines/jdk1.8.0_20.jdk/Contents/Home/jre/lib/deploy.jar:/Library/Java/JavaVirtualMachines/jdk1.8.0_20.jdk/Contents/Home/jre/lib/javaws.jar:/Library/Java/JavaVirtualMachines/jdk1.8.0_20.jdk/Contents/Home/jre/lib/jce.jar:/Library/Java/JavaVirtualMachines/jdk1.8.0_20.jdk/Contents/Home/jre/lib/jfr.jar:/Library/Java/JavaVirtualMachines/jdk1.8.0_20.jdk/Contents/Home/jre/lib/jfxswt.jar:/Library/Java/JavaVirtualMachines/jdk1.8.0_20.jdk/Contents/Home/jre/lib/jsse.jar:/Library/Java/JavaVirtualMachines/jdk1.8.0_20.jdk/Contents/Home/jre/lib/management-agent.jar:/Library/Java/JavaVirtualMachines/jdk1.8.0_20.jdk/Contents/Home/jre/lib/plugin.jar:/Library/Java/JavaVirtualMachines/jdk1.8.0_20.jdk/Contents/Home/jre/lib/resources.jar:/Library/Java/JavaVirtualMachines/jdk1.8.0_20.jdk/Contents/Home/jre/lib/rt.jar:/Library/Java/JavaVirtualMachines/jdk1.8.0_20.jdk/Contents/Home/jre/lib/ext/cldrdata.jar:/Library/Java/JavaVirtualMachines/jdk1.8.0_20.jdk/Contents/Home/jre/lib/ext/dnsns.jar:/Library/Java/JavaVirtualMachines/jdk1.8.0_20.jdk/Contents/Home/jre/lib/ext/jfxrt.jar:/Library/Java/JavaVirtualMachines/jdk1.8.0_20.jdk/Contents/Home/jre/lib/ext/localedata.jar:/Library/Java/JavaVirtualMachines/jdk1.8.0_20.jdk/Contents/Home/jre/lib/ext/nashorn.
Launcher Type: SUN_STANDARD

Environment Variables:
PATH=/usr/local/apache-maven/apache-maven-3.2.3/bin/:/usr/local/bin:/usr/bin:/bin:/usr/sbin:/sbin:/opt/X11/bin
SHELL=/bin/bash
DISPLAY=/private/tmp/com.apple.launchd.Lls1zNJZH8/org.macosforge.xquartz:0

Signal Handlers:
SIGSEGV: [libjvm.dylib+0x578fd7], sa_mask[0]=11111111011111110111111111111111, sa_flags=SA_ONSTACK|SA_RESTART|SA_SIGINFO
SIGBUS: [libjvm.dylib+0x578fd7], sa_mask[0]=11111111011111110111111111111111, sa_flags=SA_RESTART|SA_SIGINFO
SIGFPE: [libjvm.dylib+0x45ab0c], sa_mask[0]=11111111011111110111111111111111, sa_flags=SA_RESTART|SA_SIGINFO
SIGPIPE: [libjvm.dylib+0x45ab0c], sa_mask[0]=11111111011111110111111111111111, sa_flags=SA_RESTART|SA_SIGINFO
SIGXFSZ: [libjvm.dylib+0x45ab0c], sa_mask[0]=11111111011111110111111111111111, sa_flags=SA_RESTART|SA_SIGINFO
SIGILL: [libjvm.dylib+0x45ab0c], sa_mask[0]=11111111011111110111111111111111, sa_flags=SA_RESTART|SA_SIGINFO
SIGUSR1: SIG_DFL, sa_mask[0]=00000000000000000000000000000000, sa_flags=none
SIGUSR2: [libjvm.dylib+0x45a62a], sa_mask[0]=00100000000000000000000000000000, sa_flags=SA_RESTART|SA_SIGINFO
SIGHUP: [libjvm.dylib+0x458bfd], sa_mask[0]=11111111011111110111111111111111, sa_flags=SA_RESTART|SA_SIGINFO
SIGINT: [libjvm.dylib+0x458bfd], sa_mask[0]=11111111011111110111111111111111, sa_flags=SA_RESTART|SA_SIGINFO
SIGTERM: [libjvm.dylib+0x458bfd], sa_mask[0]=11111111011111110111111111111111, sa_flags=SA_RESTART|SA_SIGINFO
SIGQUIT: [libjvm.dylib+0x458bfd], sa_mask[0]=11111111011111110111111111111111, sa_flags=SA_RESTART|SA_SIGINFO


---------------  S Y S T E M  ---------------

OS:Bsduname:Darwin 14.0.0 Darwin Kernel Version 14.0.0: Fri Sep 19 00:26:44 PDT 2014; root:xnu-2782.1.97~2/RELEASE_X86_64 x86_64
rlimit: STACK 8192k, CORE 0k, NPROC 709, NOFILE 10240, AS infinity
load average:2.72 2.91 2.79

CPU:total 8 (4 cores per cpu, 2 threads per core) family 6 model 70 stepping 1, cmov, cx8, fxsr, mmx, sse, sse2, sse3, ssse3, sse4.1, sse4.2, popcnt, avx, avx2, aes, clmul, erms, rtm, lzcnt, ht, tsc, tscinvbit, bmi1, bmi2

Memory: 4k page, physical 16777216k(434676k free)

/proc/meminfo:


vm_info: Java HotSpot(TM) 64-Bit Server VM (25.20-b23) for bsd-amd64 JRE (1.8.0_20-b26), built on Jul 30 2014 13:37:47 by "java_re" with gcc 4.2.1 (Based on Apple Inc. build 5658) (LLVM build 2336.9.00)

time: Sat Feb 21 22:26:52 2015
elapsed time: 731 seconds (0d 0h 12m 11s)

