#
# A fatal error has been detected by the Java Runtime Environment:
#
#  SIGBUS (0xa) at pc=0x00000001063d9fd6, pid=45046, tid=4867
#
# JRE version: Java(TM) SE Runtime Environment (8.0_20-b26) (build 1.8.0_20-b26)
# Java VM: Java HotSpot(TM) 64-Bit Server VM (25.20-b23 mixed mode bsd-amd64 compressed oops)
# Problematic frame:
# C  [libzip.dylib+0x2fd6]  newEntry+0x154
#
# Failed to write core dump. Core dumps have been disabled. To enable core dumping, try "ulimit -c unlimited" before starting Java again
#
# If you would like to submit a bug report, please visit:
#   http://bugreport.sun.com/bugreport/crash.jsp
# The crash happened outside the Java Virtual Machine in native code.
# See problematic frame for where to report the bug.
#

---------------  T H R E A D  ---------------

Current thread (0x00007fe4a3800000):  JavaThread "main" [_thread_in_native, id=4867, stack(0x000000010831c000,0x000000010841c000)]

siginfo: si_signo: 10 (SIGBUS), si_code: 2 (BUS_ADRERR), si_addr: 0x00000001261c9de6

Registers:
RAX=0x00007fe4a1f23d60, RBX=0x00000001261c9dda, RCX=0x0000000000000001, RDX=0x0000000000000308
RSP=0x0000000108419e10, RBP=0x0000000108419e70, RSI=0x00007fe4a4300000, RDI=0x0000000106263800
R8 =0x0000000000000004, R9 =0x00000000e0000000, R10=0x0000000108555d98, R11=0xfffffff9867f6fc6
R12=0x00000000000099b0, R13=0x0000000126153000, R14=0x00007fe4a1f23d60, R15=0x00007fe4a4637c30
RIP=0x00000001063d9fd6, EFLAGS=0x0000000000010202, ERR=0x0000000000000004
  TRAPNO=0x000000000000000e

Top of Stack: (sp=0x0000000108419e10)
0x0000000108419e10:   0000000108419e5e 000000000841a2a8
0x0000000108419e20:   0000000000000013 0000000108419e5e
0x0000000108419e30:   0000000108419e50 00007fe4a1f23d60
0x0000000108419e40:   00007fe4a4336d80 000000001af224f0
0x0000000108419e50:   00000000000099b0 0000000126153000
0x0000000108419e60:   00007fe4a1f23d60 00007fe4a4637c30
0x0000000108419e70:   0000000108419ec0 00000001063da644
0x0000000108419e80:   0000000000000013 00000000a3800000
0x0000000108419e90:   0000000108419ede 000000010841a328
0x0000000108419ea0:   0000000000000013 0000000108419ede
0x0000000108419eb0:   00007fe4a1f23d60 00007fe4a38001e8
0x0000000108419ec0:   000000010841a310 00000001063d948f
0x0000000108419ed0:   00007fe426b00188 454d000100000001
0x0000000108419ee0:   6a2f464e492d4154 6d6f682e79627572
0x0000000108419ef0:   0000000108002f65 00000001216b51f8
0x0000000108419f00:   0303030303030303 0000000121b3c530
0x0000000108419f10:   00007fe426ab8e18 0000000121cde800
0x0000000108419f20:   00007fe4a3800000 00000001266dcb68
0x0000000108419f30:   0000000108419f50 0000000126aff920
0x0000000108419f40:   0000000121cde800 00000001096e279f
0x0000000108419f50:   0000000108419f80 00000001216b51d8
0x0000000108419f60:   000000010841a000 00007fe4a1d011d0
0x0000000108419f70:   00007fe426b116e8 000000010841a000
0x0000000108419f80:   000000010841a040 0000000126b128b0
0x0000000108419f90:   0000000126b24da0 00007fe426aff900
0x0000000108419fa0:   00000001096e1600 0000008900000001
0x0000000108419fb0:   0000000121a78440 00000001216b51b8
0x0000000108419fc0:   00007fe4216b43a0 00007fe4a1d011c0
0x0000000108419fd0:   00007fe4a1d011f0 00007fe4a1d015a8
0x0000000108419fe0:   0000000026b06e30 0000000121bb7558
0x0000000108419ff0:   00007fe426b116c8 0000000126b12808
0x000000010841a000:   0000000126af96f0 00000001075b19aa 

Instructions: (pc=0x00000001063d9fd6)
0x00000001063d9fb6:   49 8b 7f 38 e8 a5 1a 00 00 4d 89 77 38 49 89 5f
0x00000001063d9fc6:   40 4c 89 f0 48 85 c0 0f 84 16 05 00 00 48 89 c3
0x00000001063d9fd6:   0f b6 43 0c 0f b6 4b 0d 48 c1 e1 08 48 01 c1 0f
0x00000001063d9fe6:   b6 43 0e 0f b6 53 0f 48 c1 e2 08 48 01 c2 48 c1 

Register to memory mapping:

RAX=0x00007fe4a1f23d60 is an unknown value
RBX=0x00000001261c9dda is an unknown value
RCX=0x0000000000000001 is an unknown value
RDX=0x0000000000000308 is an unknown value
RSP=0x0000000108419e10 is pointing into the stack for thread: 0x00007fe4a3800000
RBP=0x0000000108419e70 is pointing into the stack for thread: 0x00007fe4a3800000
RSI=0x00007fe4a4300000 is an unknown value
RDI=0x0000000106263800 is an unknown value
R8 =0x0000000000000004 is an unknown value
R9 =0x00000000e0000000 is an unknown value
R10=0x0000000108555d98 is at entry_point+88 in (nmethod*)0x0000000108555bd0
R11=0xfffffff9867f6fc6 is an unknown value
R12=0x00000000000099b0 is an unknown value
R13=0x0000000126153000 is an unknown value
R14=0x00007fe4a1f23d60 is an unknown value
R15=0x00007fe4a4637c30 is an unknown value


Stack: [0x000000010831c000,0x000000010841c000],  sp=0x0000000108419e10,  free space=1015k
Native frames: (J=compiled Java code, j=interpreted, Vv=VM code, C=native code)
C  [libzip.dylib+0x2fd6]  newEntry+0x154
C  [libzip.dylib+0x3644]  ZIP_GetEntry+0xa2
C  [libzip.dylib+0x248f]  Java_java_util_zip_ZipFile_getEntry+0xdd
J 100  java.util.zip.ZipFile.getEntry(J[BZ)J (0 bytes) @ 0x0000000108555e0e [0x0000000108555d40+0xce]
J 382 C2 sun.misc.URLClassPath$JarLoader.getResource(Ljava/lang/String;Z)Lsun/misc/Resource; (85 bytes) @ 0x000000010862f584 [0x000000010862f100+0x484]

Java frames: (J=compiled Java code, j=interpreted, Vv=VM code)
J 100  java.util.zip.ZipFile.getEntry(J[BZ)J (0 bytes) @ 0x0000000108555d98 [0x0000000108555d40+0x58]
J 382 C2 sun.misc.URLClassPath$JarLoader.getResource(Ljava/lang/String;Z)Lsun/misc/Resource; (85 bytes) @ 0x000000010862f584 [0x000000010862f100+0x484]
J 8384 C2 sun.misc.URLClassPath.findResource(Ljava/lang/String;Z)Ljava/net/URL; (38 bytes) @ 0x000000010a4a6330 [0x000000010a4a62c0+0x70]
J 7400 C1 java.net.URLClassLoader$2.run()Ljava/lang/Object; (5 bytes) @ 0x0000000109e41514 [0x0000000109e41400+0x114]
v  ~StubRoutines::call_stub
J 1331  java.security.AccessController.doPrivileged(Ljava/security/PrivilegedAction;Ljava/security/AccessControlContext;)Ljava/lang/Object; (0 bytes) @ 0x00000001088abd63 [0x00000001088abd00+0x63]
J 7401 C1 java.net.URLClassLoader.findResource(Ljava/lang/String;)Ljava/net/URL; (37 bytes) @ 0x0000000109e50714 [0x0000000109e50580+0x194]
J 1326 C1 java.lang.ClassLoader.getResource(Ljava/lang/String;)Ljava/net/URL; (36 bytes) @ 0x00000001088acb24 [0x00000001088ac660+0x4c4]
j  java.lang.Class.getResource(Ljava/lang/String;)Ljava/net/URL;+22
j  org.jruby.embed.util.SystemPropertyCatcher.findFromJar(Ljava/lang/Object;)Ljava/lang/String;+6
j  org.jruby.RubyInstanceConfig.calculateJRubyHome()Ljava/lang/String;+32
j  org.jruby.RubyInstanceConfig.getJRubyHome()Ljava/lang/String;+9
j  org.jruby.Ruby.getJRubyHome()Ljava/lang/String;+4
j  org.jruby.runtime.load.LoadService.init(Ljava/util/List;)V+15
j  org.jruby.Ruby.init()V+270
j  org.jruby.Ruby.newInstance(Lorg/jruby/RubyInstanceConfig;)Lorg/jruby/Ruby;+10
j  org.jruby.javasupport.JavaEmbedUtils.initialize(Ljava/util/List;Lorg/jruby/RubyInstanceConfig;)Lorg/jruby/Ruby;+1
j  org.asciidoctor.internal.JRubyAsciidoctor.createJRubyAsciidoctorInstance(Ljava/util/Map;Ljava/util/List;Ljava/lang/ClassLoader;Ljava/lang/String;)Lorg/asciidoctor/internal/JRubyAsciidoctor;+64
j  org.asciidoctor.internal.JRubyAsciidoctor.create()Lorg/asciidoctor/internal/JRubyAsciidoctor;+10
j  org.asciidoctor.Asciidoctor$Factory.create()Lorg/asciidoctor/Asciidoctor;+0
j  com.mulesoft.documentation.builder.AsciiDocPage.fromFile(Ljava/io/File;)Lcom/mulesoft/documentation/builder/AsciiDocPage;+0
j  com.mulesoft.documentation.builder.SectionTableOfContents.fromAsciiDocFile(Ljava/io/File;)Lcom/mulesoft/documentation/builder/SectionTableOfContents;+5
j  com.mulesoft.documentation.builder.Section.getSectionFromDirectory(Ljava/io/File;Ljava/lang/String;)Lcom/mulesoft/documentation/builder/Section;+53
j  com.mulesoft.documentation.builder.Section.fromDirectory(Ljava/io/File;)Lcom/mulesoft/documentation/builder/Section;+7
j  com.mulesoft.documentation.builder.SiteBuilder.getSections(Ljava/io/File;)Ljava/util/List;+51
j  com.mulesoft.documentation.builder.SiteBuilder.buildSite()V+6
j  com.mulesoft.documentation.builder.Client.buildSite(Lorg/apache/commons/cli/CommandLine;)V+59
j  com.mulesoft.documentation.builder.Client.parseInput([Ljava/lang/String;)V+45
j  com.mulesoft.documentation.builder.Client.main([Ljava/lang/String;)V+1
v  ~StubRoutines::call_stub

---------------  P R O C E S S  ---------------

Java Threads: ( => current thread )
  0x00007fe4a287f000 JavaThread "Ruby-9-JIT-1" daemon [_thread_blocked, id=25091, stack(0x00000001292bc000,0x00000001293bc000)]
  0x00007fe4a7fae000 JavaThread "Ruby-8-JIT-1" daemon [_thread_blocked, id=24579, stack(0x0000000129e30000,0x0000000129f30000)]
  0x00007fe4a3ff6800 JavaThread "Ruby-7-JIT-1" daemon [_thread_blocked, id=24067, stack(0x0000000127647000,0x0000000127747000)]
  0x00007fe4a5918800 JavaThread "Ruby-6-JIT-1" daemon [_thread_blocked, id=23555, stack(0x000000012902f000,0x000000012912f000)]
  0x00007fe4a7dd0000 JavaThread "Ruby-5-JIT-1" daemon [_thread_blocked, id=23043, stack(0x0000000128b6f000,0x0000000128c6f000)]
  0x00007fe4a3438000 JavaThread "Ruby-4-JIT-1" daemon [_thread_blocked, id=22531, stack(0x0000000126dfd000,0x0000000126efd000)]
  0x00007fe4a8052800 JavaThread "Ruby-3-JIT-1" daemon [_thread_blocked, id=15623, stack(0x000000012899d000,0x0000000128a9d000)]
  0x00007fe4a58db800 JavaThread "Ruby-2-JIT-1" daemon [_thread_blocked, id=14347, stack(0x000000012869a000,0x000000012879a000)]
  0x00007fe4a71dc800 JavaThread "Ruby-1-JIT-1" daemon [_thread_blocked, id=15111, stack(0x0000000128033000,0x0000000128133000)]
  0x00007fe4a6b98000 JavaThread "Ruby-0-JIT-1" daemon [_thread_blocked, id=21763, stack(0x0000000128597000,0x0000000128697000)]
  0x00007fe4a3811000 JavaThread "Service Thread" daemon [_thread_blocked, id=20739, stack(0x0000000125de2000,0x0000000125ee2000)]
  0x00007fe4a302d800 JavaThread "C1 CompilerThread3" daemon [_thread_blocked, id=20227, stack(0x0000000125cdf000,0x0000000125ddf000)]
  0x00007fe4a2854000 JavaThread "C2 CompilerThread2" daemon [_thread_blocked, id=19715, stack(0x0000000125bdc000,0x0000000125cdc000)]
  0x00007fe4a3023800 JavaThread "C2 CompilerThread1" daemon [_thread_blocked, id=19203, stack(0x0000000125ad9000,0x0000000125bd9000)]
  0x00007fe4a3022000 JavaThread "C2 CompilerThread0" daemon [_thread_in_native, id=18691, stack(0x00000001259d6000,0x0000000125ad6000)]
  0x00007fe4a300a800 JavaThread "Signal Dispatcher" daemon [_thread_blocked, id=14859, stack(0x00000001258d3000,0x00000001259d3000)]
  0x00007fe4a2017800 JavaThread "Finalizer" daemon [_thread_blocked, id=13571, stack(0x0000000123ea7000,0x0000000123fa7000)]
  0x00007fe4a2016800 JavaThread "Reference Handler" daemon [_thread_blocked, id=13059, stack(0x0000000123da4000,0x0000000123ea4000)]
=>0x00007fe4a3800000 JavaThread "main" [_thread_in_native, id=4867, stack(0x000000010831c000,0x000000010841c000)]

Other Threads:
  0x00007fe4a284d800 VMThread [stack: 0x0000000123ca1000,0x0000000123da1000] [id=12547]
  0x00007fe4a3813000 WatcherThread [stack: 0x0000000125ee5000,0x0000000125fe5000] [id=21251]

VM state:not at safepoint (normal execution)

VM Mutex/Monitor currently owned by a thread: None

Heap:
 PSYoungGen      total 1242624K, used 463527K [0x000000076ab00000, 0x00000007c0000000, 0x00000007c0000000)
  eden space 1162240K, 32% used [0x000000076ab00000,0x0000000782153298,0x00000007b1a00000)
  from space 80384K, 99% used [0x00000007b1a00000,0x00000007b68569c0,0x00000007b6880000)
  to   space 119808K, 0% used [0x00000007b8b00000,0x00000007b8b00000,0x00000007c0000000)
 ParOldGen       total 207872K, used 117415K [0x00000006c0000000, 0x00000006ccb00000, 0x000000076ab00000)
  object space 207872K, 56% used [0x00000006c0000000,0x00000006c72a9df8,0x00000006ccb00000)
 Metaspace       used 38915K, capacity 44278K, committed 44336K, reserved 1087488K
  class space    used 6076K, capacity 6906K, committed 6960K, reserved 1048576K

Card table byte_map: [0x00000001177de000,0x0000000117fdf000] byte_map_base: 0x00000001141de000

Marking Bits: (ParMarkBitMap*) 0x0000000107c9c330
 Begin Bits: [0x0000000118d4d000, 0x000000011cd4d000)
 End Bits:   [0x000000011cd4d000, 0x0000000120d4d000)

Polling page: 0x00000001063cd000

CodeCache: size=245760Kb used=44301Kb max_used=46005Kb free=201458Kb
 bounds [0x000000010841e000, 0x000000010b16e000, 0x000000011741e000]
 total_blobs=8271 nmethods=7711 adapters=472
 compilation: enabled

Compilation events (10 events):
Event: 39.437 Thread 0x00007fe4a3023800 10663       4       org.jruby.RubyFixnum::<init> (11 bytes)
Event: 39.437 Thread 0x00007fe4a3023800 nmethod 10663 0x000000010a1d3710 code [0x000000010a1d3860, 0x000000010a1d38d8]
Event: 39.438 Thread 0x00007fe4a302d800 10664       3       org.jruby.RubyModule$KindOf::<init> (5 bytes)
Event: 39.438 Thread 0x00007fe4a302d800 nmethod 10664 0x0000000109858f90 code [0x0000000109859100, 0x00000001098592b0]
Event: 39.439 Thread 0x00007fe4a302d800 10665       3       java.util.RegularEnumSet$EnumSetIterator::next (60 bytes)
Event: 39.439 Thread 0x00007fe4a302d800 nmethod 10665 0x00000001086e2950 code [0x00000001086e2ae0, 0x00000001086e2db8]
Event: 39.440 Thread 0x00007fe4a302d800 10666       3       org.jruby.internal.runtime.ThreadService::getCurrentContext (64 bytes)
Event: 39.440 Thread 0x00007fe4a3023800 10671       4       org.jruby.RubyString::newString (14 bytes)
Event: 39.440 Thread 0x00007fe4a302d800 nmethod 10666 0x00000001090a0f90 code [0x00000001090a11e0, 0x00000001090a2258]
Event: 39.440 Thread 0x00007fe4a302d800 10670       3       java.lang.ThreadLocal$ThreadLocalMap::getEntryAfterMiss (63 bytes)

GC Heap History (10 events):
Event: 28.900 GC heap before
{Heap before GC invocations=25 (full 2):
 PSYoungGen      total 1263104K, used 1245837K [0x000000076ab00000, 0x00000007bdf80000, 0x00000007c0000000)
  eden space 1175552K, 100% used [0x000000076ab00000,0x00000007b2700000,0x00000007b2700000)
  from space 87552K, 80% used [0x00000007b8180000,0x00000007bc623728,0x00000007bd700000)
  to   space 92672K, 0% used [0x00000007b2700000,0x00000007b2700000,0x00000007b8180000)
 ParOldGen       total 207872K, used 99395K [0x00000006c0000000, 0x00000006ccb00000, 0x000000076ab00000)
  object space 207872K, 47% used [0x00000006c0000000,0x00000006c6110d28,0x00000006ccb00000)
 Metaspace       used 38876K, capacity 44186K, committed 44336K, reserved 1087488K
  class space    used 6073K, capacity 6902K, committed 6960K, reserved 1048576K
Event: 28.977 GC heap after
Heap after GC invocations=25 (full 2):
 PSYoungGen      total 1268224K, used 76222K [0x000000076ab00000, 0x00000007c0000000, 0x00000007c0000000)
  eden space 1175552K, 0% used [0x000000076ab00000,0x000000076ab00000,0x00000007b2700000)
  from space 92672K, 82% used [0x00000007b2700000,0x00000007b716f9d8,0x00000007b8180000)
  to   space 98816K, 0% used [0x00000007b9f80000,0x00000007b9f80000,0x00000007c0000000)
 ParOldGen       total 207872K, used 99395K [0x00000006c0000000, 0x00000006ccb00000, 0x000000076ab00000)
  object space 207872K, 47% used [0x00000006c0000000,0x00000006c6110d28,0x00000006ccb00000)
 Metaspace       used 38876K, capacity 44186K, committed 44336K, reserved 1087488K
  class space    used 6073K, capacity 6902K, committed 6960K, reserved 1048576K
}
Event: 31.169 GC heap before
{Heap before GC invocations=26 (full 2):
 PSYoungGen      total 1268224K, used 1251774K [0x000000076ab00000, 0x00000007c0000000, 0x00000007c0000000)
  eden space 1175552K, 100% used [0x000000076ab00000,0x00000007b2700000,0x00000007b2700000)
  from space 92672K, 82% used [0x00000007b2700000,0x00000007b716f9d8,0x00000007b8180000)
  to   space 98816K, 0% used [0x00000007b9f80000,0x00000007b9f80000,0x00000007c0000000)
 ParOldGen       total 207872K, used 99395K [0x00000006c0000000, 0x00000006ccb00000, 0x000000076ab00000)
  object space 207872K, 47% used [0x00000006c0000000,0x00000006c6110d28,0x00000006ccb00000)
 Metaspace       used 38886K, capacity 44186K, committed 44336K, reserved 1087488K
  class space    used 6075K, capacity 6902K, committed 6960K, reserved 1048576K
Event: 31.198 GC heap after
Heap after GC invocations=26 (full 2):
 PSYoungGen      total 1285632K, used 81035K [0x000000076ab00000, 0x00000007c0000000, 0x00000007c0000000)
  eden space 1186816K, 0% used [0x000000076ab00000,0x000000076ab00000,0x00000007b3200000)
  from space 98816K, 82% used [0x00000007b9f80000,0x00000007beea2e18,0x00000007c0000000)
  to   space 105472K, 0% used [0x00000007b3200000,0x00000007b3200000,0x00000007b9900000)
 ParOldGen       total 207872K, used 99395K [0x00000006c0000000, 0x00000006ccb00000, 0x000000076ab00000)
  object space 207872K, 47% used [0x00000006c0000000,0x00000006c6110d28,0x00000006ccb00000)
 Metaspace       used 38886K, capacity 44186K, committed 44336K, reserved 1087488K
  class space    used 6075K, capacity 6902K, committed 6960K, reserved 1048576K
}
Event: 33.361 GC heap before
{Heap before GC invocations=27 (full 2):
 PSYoungGen      total 1285632K, used 1267851K [0x000000076ab00000, 0x00000007c0000000, 0x00000007c0000000)
  eden space 1186816K, 100% used [0x000000076ab00000,0x00000007b3200000,0x00000007b3200000)
  from space 98816K, 82% used [0x00000007b9f80000,0x00000007beea2e18,0x00000007c0000000)
  to   space 105472K, 0% used [0x00000007b3200000,0x00000007b3200000,0x00000007b9900000)
 ParOldGen       total 207872K, used 99395K [0x00000006c0000000, 0x00000006ccb00000, 0x000000076ab00000)
  object space 207872K, 47% used [0x00000006c0000000,0x00000006c6110d28,0x00000006ccb00000)
 Metaspace       used 38886K, capacity 44186K, committed 44336K, reserved 1087488K
  class space    used 6075K, capacity 6902K, committed 6960K, reserved 1048576K
Event: 33.383 GC heap after
Heap after GC invocations=27 (full 2):
 PSYoungGen      total 1274880K, used 87998K [0x000000076ab00000, 0x00000007c0000000, 0x00000007c0000000)
  eden space 1186816K, 0% used [0x000000076ab00000,0x000000076ab00000,0x00000007b3200000)
  from space 88064K, 99% used [0x00000007b3200000,0x00000007b87ef888,0x00000007b8800000)
  to   space 113152K, 0% used [0x00000007b9180000,0x00000007b9180000,0x00000007c0000000)
 ParOldGen       total 207872K, used 99395K [0x00000006c0000000, 0x00000006ccb00000, 0x000000076ab00000)
  object space 207872K, 47% used [0x00000006c0000000,0x00000006c6110d28,0x00000006ccb00000)
 Metaspace       used 38886K, capacity 44186K, committed 44336K, reserved 1087488K
  class space    used 6075K, capacity 6902K, committed 6960K, reserved 1048576K
}
Event: 35.898 GC heap before
{Heap before GC invocations=28 (full 2):
 PSYoungGen      total 1274880K, used 1274814K [0x000000076ab00000, 0x00000007c0000000, 0x00000007c0000000)
  eden space 1186816K, 100% used [0x000000076ab00000,0x00000007b3200000,0x00000007b3200000)
  from space 88064K, 99% used [0x00000007b3200000,0x00000007b87ef888,0x00000007b8800000)
  to   space 113152K, 0% used [0x00000007b9180000,0x00000007b9180000,0x00000007c0000000)
 ParOldGen       total 207872K, used 99395K [0x00000006c0000000, 0x00000006ccb00000, 0x000000076ab00000)
  object space 207872K, 47% used [0x00000006c0000000,0x00000006c6110d28,0x00000006ccb00000)
 Metaspace       used 38895K, capacity 44194K, committed 44336K, reserved 1087488K
  class space    used 6075K, capacity 6902K, committed 6960K, reserved 1048576K
Event: 35.928 GC heap after
Heap after GC invocations=28 (full 2):
 PSYoungGen      total 1275392K, used 84890K [0x000000076ab00000, 0x00000007c0000000, 0x00000007c0000000)
  eden space 1162240K, 0% used [0x000000076ab00000,0x000000076ab00000,0x00000007b1a00000)
  from space 113152K, 75% used [0x00000007b9180000,0x00000007be466b80,0x00000007c0000000)
  to   space 117760K, 0% used [0x00000007b1a00000,0x00000007b1a00000,0x00000007b8d00000)
 ParOldGen       total 207872K, used 107489K [0x00000006c0000000, 0x00000006ccb00000, 0x000000076ab00000)
  object space 207872K, 51% used [0x00000006c0000000,0x00000006c68f85f8,0x00000006ccb00000)
 Metaspace       used 38895K, capacity 44194K, committed 44336K, reserved 1087488K
  class space    used 6075K, capacity 6902K, committed 6960K, reserved 1048576K
}
Event: 38.687 GC heap before
{Heap before GC invocations=29 (full 2):
 PSYoungGen      total 1275392K, used 1247130K [0x000000076ab00000, 0x00000007c0000000, 0x00000007c0000000)
  eden space 1162240K, 100% used [0x000000076ab00000,0x00000007b1a00000,0x00000007b1a00000)
  from space 113152K, 75% used [0x00000007b9180000,0x00000007be466b80,0x00000007c0000000)
  to   space 117760K, 0% used [0x00000007b1a00000,0x00000007b1a00000,0x00000007b8d00000)
 ParOldGen       total 207872K, used 107489K [0x00000006c0000000, 0x00000006ccb00000, 0x000000076ab00000)
  object space 207872K, 51% used [0x00000006c0000000,0x00000006c68f85f8,0x00000006ccb00000)
 Metaspace       used 38914K, capacity 44278K, committed 44336K, reserved 1087488K
  class space    used 6076K, capacity 6906K, committed 6960K, reserved 1048576K
Event: 38.706 GC heap after
Heap after GC invocations=29 (full 2):
 PSYoungGen      total 1242624K, used 80218K [0x000000076ab00000, 0x00000007c0000000, 0x00000007c0000000)
  eden space 1162240K, 0% used [0x000000076ab00000,0x000000076ab00000,0x00000007b1a00000)
  from space 80384K, 99% used [0x00000007b1a00000,0x00000007b68569c0,0x00000007b6880000)
  to   space 119808K, 0% used [0x00000007b8b00000,0x00000007b8b00000,0x00000007c0000000)
 ParOldGen       total 207872K, used 117415K [0x00000006c0000000, 0x00000006ccb00000, 0x000000076ab00000)
  object space 207872K, 56% used [0x00000006c0000000,0x00000006c72a9df8,0x00000006ccb00000)
 Metaspace       used 38914K, capacity 44278K, committed 44336K, reserved 1087488K
  class space    used 6076K, capacity 6906K, committed 6960K, reserved 1048576K
}

Deoptimization events (10 events):
Event: 35.804 Thread 0x00007fe4a3800000 Uncommon trap: reason=class_check action=maybe_recompile pc=0x000000010a577ba0 method=rubyjit.Asciidoctor::Parser$$resolve_list_marker_2adeb160334f34e6828cf89cf8b1d5b35ae0fd331870252780.__file__(Lrubyjit/Asciidoctor::Parser$$resolve_list_marker_2adeb16033
Event: 36.406 Thread 0x00007fe4a3800000 Uncommon trap: reason=unreached action=reinterpret pc=0x0000000108a9c368 method=org.jsoup.parser.Token$Tag.appendAttributeName(Ljava/lang/String;)V @ 5
Event: 39.435 Thread 0x00007fe4a3800000 Uncommon trap: reason=class_check action=maybe_recompile pc=0x0000000109f4e780 method=java.lang.ThreadLocal$ThreadLocalMap.getEntryAfterMiss(Ljava/lang/ThreadLocal;ILjava/lang/ThreadLocal$ThreadLocalMap$Entry;)Ljava/lang/ThreadLocal$ThreadLocalMap$Entry; 
Event: 39.436 Thread 0x00007fe4a3800000 Uncommon trap: reason=class_check action=maybe_recompile pc=0x0000000109ec5cfc method=java.lang.ThreadLocal$ThreadLocalMap.getEntryAfterMiss(Ljava/lang/ThreadLocal;ILjava/lang/ThreadLocal$ThreadLocalMap$Entry;)Ljava/lang/ThreadLocal$ThreadLocalMap$Entry; 
Event: 39.436 Thread 0x00007fe4a3800000 Uncommon trap: reason=class_check action=maybe_recompile pc=0x0000000109ec5cfc method=java.lang.ThreadLocal$ThreadLocalMap.getEntryAfterMiss(Ljava/lang/ThreadLocal;ILjava/lang/ThreadLocal$ThreadLocalMap$Entry;)Ljava/lang/ThreadLocal$ThreadLocalMap$Entry; 
Event: 39.436 Thread 0x00007fe4a3800000 Uncommon trap: reason=class_check action=maybe_recompile pc=0x0000000109ec5cfc method=java.lang.ThreadLocal$ThreadLocalMap.getEntryAfterMiss(Ljava/lang/ThreadLocal;ILjava/lang/ThreadLocal$ThreadLocalMap$Entry;)Ljava/lang/ThreadLocal$ThreadLocalMap$Entry; 
Event: 39.436 Thread 0x00007fe4a3800000 Uncommon trap: reason=class_check action=maybe_recompile pc=0x0000000109ec3788 method=java.lang.ThreadLocal$ThreadLocalMap.getEntryAfterMiss(Ljava/lang/ThreadLocal;ILjava/lang/ThreadLocal$ThreadLocalMap$Entry;)Ljava/lang/ThreadLocal$ThreadLocalMap$Entry; 
Event: 39.436 Thread 0x00007fe4a3800000 Uncommon trap: reason=class_check action=maybe_recompile pc=0x0000000109ec7970 method=java.lang.ThreadLocal$ThreadLocalMap.getEntryAfterMiss(Ljava/lang/ThreadLocal;ILjava/lang/ThreadLocal$ThreadLocalMap$Entry;)Ljava/lang/ThreadLocal$ThreadLocalMap$Entry; 
Event: 39.436 Thread 0x00007fe4a3800000 Uncommon trap: reason=class_check action=maybe_recompile pc=0x0000000109ebfb38 method=java.lang.ThreadLocal$ThreadLocalMap.getEntryAfterMiss(Ljava/lang/ThreadLocal;ILjava/lang/ThreadLocal$ThreadLocalMap$Entry;)Ljava/lang/ThreadLocal$ThreadLocalMap$Entry; 
Event: 39.437 Thread 0x00007fe4a3800000 Uncommon trap: reason=class_check action=maybe_recompile pc=0x0000000109f4e780 method=java.lang.ThreadLocal$ThreadLocalMap.getEntryAfterMiss(Ljava/lang/ThreadLocal;ILjava/lang/ThreadLocal$ThreadLocalMap$Entry;)Ljava/lang/ThreadLocal$ThreadLocalMap$Entry; 

Internal exceptions (10 events):
Event: 39.366 Thread 0x00007fe4a3800000 Exception <a 'java/security/PrivilegedActionException'> (0x000000077f83f9f8) thrown at [/HUDSON3/workspace/8-2-build-macosx-x86_64/jdk8u20/1074/hotspot/src/share/vm/prims/jvm.cpp, line 1275]
Event: 39.366 Thread 0x00007fe4a3800000 Exception <a 'java/security/PrivilegedActionException'> (0x000000077f8401b8) thrown at [/HUDSON3/workspace/8-2-build-macosx-x86_64/jdk8u20/1074/hotspot/src/share/vm/prims/jvm.cpp, line 1275]
Event: 39.395 Thread 0x00007fe4a3800000 Exception <a 'java/security/PrivilegedActionException'> (0x000000078091c620) thrown at [/HUDSON3/workspace/8-2-build-macosx-x86_64/jdk8u20/1074/hotspot/src/share/vm/prims/jvm.cpp, line 1275]
Event: 39.395 Thread 0x00007fe4a3800000 Exception <a 'java/security/PrivilegedActionException'> (0x000000078091cdb0) thrown at [/HUDSON3/workspace/8-2-build-macosx-x86_64/jdk8u20/1074/hotspot/src/share/vm/prims/jvm.cpp, line 1275]
Event: 39.395 Thread 0x00007fe4a3800000 Exception <a 'java/security/PrivilegedActionException'> (0x0000000780924308) thrown at [/HUDSON3/workspace/8-2-build-macosx-x86_64/jdk8u20/1074/hotspot/src/share/vm/prims/jvm.cpp, line 1275]
Event: 39.395 Thread 0x00007fe4a3800000 Exception <a 'java/security/PrivilegedActionException'> (0x0000000780924ac8) thrown at [/HUDSON3/workspace/8-2-build-macosx-x86_64/jdk8u20/1074/hotspot/src/share/vm/prims/jvm.cpp, line 1275]
Event: 39.395 Thread 0x00007fe4a3800000 Exception <a 'java/security/PrivilegedActionException'> (0x00000007809288b0) thrown at [/HUDSON3/workspace/8-2-build-macosx-x86_64/jdk8u20/1074/hotspot/src/share/vm/prims/jvm.cpp, line 1275]
Event: 39.395 Thread 0x00007fe4a3800000 Exception <a 'java/security/PrivilegedActionException'> (0x0000000780929050) thrown at [/HUDSON3/workspace/8-2-build-macosx-x86_64/jdk8u20/1074/hotspot/src/share/vm/prims/jvm.cpp, line 1275]
Event: 39.395 Thread 0x00007fe4a3800000 Exception <a 'java/security/PrivilegedActionException'> (0x0000000780934a90) thrown at [/HUDSON3/workspace/8-2-build-macosx-x86_64/jdk8u20/1074/hotspot/src/share/vm/prims/jvm.cpp, line 1275]
Event: 39.395 Thread 0x00007fe4a3800000 Exception <a 'java/security/PrivilegedActionException'> (0x0000000780935250) thrown at [/HUDSON3/workspace/8-2-build-macosx-x86_64/jdk8u20/1074/hotspot/src/share/vm/prims/jvm.cpp, line 1275]

Events (10 events):
Event: 39.436 Thread 0x00007fe4a3800000 DEOPT UNPACKING pc=0x0000000108422f69 sp=0x000000010841ac60 mode 2
Event: 39.436 Thread 0x00007fe4a3800000 Uncommon trap: trap_request=0xffffffde fr.pc=0x0000000109ec7970
Event: 39.436 Thread 0x00007fe4a3800000 DEOPT PACKING pc=0x0000000109ec7970 sp=0x000000010841ad20
Event: 39.436 Thread 0x00007fe4a3800000 DEOPT UNPACKING pc=0x0000000108422f69 sp=0x000000010841ac60 mode 2
Event: 39.436 Thread 0x00007fe4a3800000 Uncommon trap: trap_request=0xffffffde fr.pc=0x0000000109ebfb38
Event: 39.436 Thread 0x00007fe4a3800000 DEOPT PACKING pc=0x0000000109ebfb38 sp=0x000000010841ac90
Event: 39.436 Thread 0x00007fe4a3800000 DEOPT UNPACKING pc=0x0000000108422f69 sp=0x000000010841ac60 mode 2
Event: 39.437 Thread 0x00007fe4a3800000 Uncommon trap: trap_request=0xffffffde fr.pc=0x0000000109f4e780
Event: 39.437 Thread 0x00007fe4a3800000 DEOPT PACKING pc=0x0000000109f4e780 sp=0x000000010841b110
Event: 39.437 Thread 0x00007fe4a3800000 DEOPT UNPACKING pc=0x0000000108422f69 sp=0x000000010841aec0 mode 2


Dynamic libraries:
0x000000000ab5c000 	/System/Library/Frameworks/Cocoa.framework/Versions/A/Cocoa
0x000000000ab5c000 	/System/Library/Frameworks/Security.framework/Versions/A/Security
0x000000000ab5c000 	/System/Library/Frameworks/ApplicationServices.framework/Versions/A/ApplicationServices
0x000000000ab5c000 	/usr/lib/libz.1.dylib
0x000000000ab5c000 	/usr/lib/libSystem.B.dylib
0x000000000ab5c000 	/usr/lib/libobjc.A.dylib
0x000000000ab5c000 	/System/Library/Frameworks/CoreFoundation.framework/Versions/A/CoreFoundation
0x000000000ab5c000 	/System/Library/Frameworks/Foundation.framework/Versions/C/Foundation
0x000000000ab5c000 	/System/Library/Frameworks/AppKit.framework/Versions/C/AppKit
0x000000000ab5c000 	/System/Library/Frameworks/CoreData.framework/Versions/A/CoreData
0x000000000ab5c000 	/System/Library/PrivateFrameworks/RemoteViewServices.framework/Versions/A/RemoteViewServices
0x000000000ab5c000 	/System/Library/PrivateFrameworks/UIFoundation.framework/Versions/A/UIFoundation
0x000000000ab5c000 	/System/Library/Frameworks/IOSurface.framework/Versions/A/IOSurface
0x000000000ab5c000 	/System/Library/Frameworks/AudioToolbox.framework/Versions/A/AudioToolbox
0x000000000ab5c000 	/System/Library/Frameworks/AudioUnit.framework/Versions/A/AudioUnit
0x000000000ab5c000 	/System/Library/PrivateFrameworks/DataDetectorsCore.framework/Versions/A/DataDetectorsCore
0x000000000ab5c000 	/System/Library/PrivateFrameworks/DesktopServicesPriv.framework/Versions/A/DesktopServicesPriv
0x000000000ab5c000 	/System/Library/Frameworks/Carbon.framework/Versions/A/Frameworks/HIToolbox.framework/Versions/A/HIToolbox
0x000000000ab5c000 	/System/Library/Frameworks/QuartzCore.framework/Versions/A/QuartzCore
0x000000000ab5c000 	/System/Library/Frameworks/Carbon.framework/Versions/A/Frameworks/SpeechRecognition.framework/Versions/A/SpeechRecognition
0x000000000ab5c000 	/usr/lib/libauto.dylib
0x000000000ab5c000 	/usr/lib/libicucore.A.dylib
0x000000000ab5c000 	/usr/lib/libxml2.2.dylib
0x000000000ab5c000 	/System/Library/PrivateFrameworks/CoreUI.framework/Versions/A/CoreUI
0x000000000ab5c000 	/System/Library/Frameworks/CoreAudio.framework/Versions/A/CoreAudio
0x000000000ab5c000 	/System/Library/Frameworks/DiskArbitration.framework/Versions/A/DiskArbitration
0x000000000ab5c000 	/usr/lib/liblangid.dylib
0x000000000ab5c000 	/System/Library/PrivateFrameworks/MultitouchSupport.framework/Versions/A/MultitouchSupport
0x000000000ab5c000 	/System/Library/Frameworks/IOKit.framework/Versions/A/IOKit
0x000000000ab5c000 	/usr/lib/libDiagnosticMessagesClient.dylib
0x000000000ab5c000 	/System/Library/Frameworks/CoreServices.framework/Versions/A/CoreServices
0x000000000ab5c000 	/System/Library/PrivateFrameworks/PerformanceAnalysis.framework/Versions/A/PerformanceAnalysis
0x000000000ab5c000 	/System/Library/PrivateFrameworks/GenerationalStorage.framework/Versions/A/GenerationalStorage
0x000000000ab5c000 	/System/Library/Frameworks/OpenGL.framework/Versions/A/OpenGL
0x000000000ab5c000 	/System/Library/PrivateFrameworks/Sharing.framework/Versions/A/Sharing
0x000000000ab5c000 	/System/Library/Frameworks/CoreGraphics.framework/Versions/A/CoreGraphics
0x000000000ab5c000 	/System/Library/Frameworks/CoreText.framework/Versions/A/CoreText
0x000000000ab5c000 	/System/Library/Frameworks/ImageIO.framework/Versions/A/ImageIO
0x000000000ab5c000 	/usr/lib/libextension.dylib
0x000000000ab5c000 	/System/Library/PrivateFrameworks/Backup.framework/Versions/A/Backup
0x000000000ab5c000 	/usr/lib/libarchive.2.dylib
0x000000000ab5c000 	/System/Library/Frameworks/CFNetwork.framework/Versions/A/CFNetwork
0x000000000ab5c000 	/System/Library/Frameworks/SystemConfiguration.framework/Versions/A/SystemConfiguration
0x000000000ab5c000 	/usr/lib/libCRFSuite.dylib
0x000000000ab5c000 	/usr/lib/libc++.1.dylib
0x000000000ab5c000 	/usr/lib/libc++abi.dylib
0x000000000ab5c000 	/usr/lib/system/libcache.dylib
0x000000000ab5c000 	/usr/lib/system/libcommonCrypto.dylib
0x000000000ab5c000 	/usr/lib/system/libcompiler_rt.dylib
0x000000000ab5c000 	/usr/lib/system/libcopyfile.dylib
0x000000000ab5c000 	/usr/lib/system/libcorecrypto.dylib
0x000000000ab5c000 	/usr/lib/system/libdispatch.dylib
0x000000000ab5c000 	/usr/lib/system/libdyld.dylib
0x000000000ab5c000 	/usr/lib/system/libkeymgr.dylib
0x000000000ab5c000 	/usr/lib/system/liblaunch.dylib
0x000000000ab5c000 	/usr/lib/system/libmacho.dylib
0x000000000ab5c000 	/usr/lib/system/libquarantine.dylib
0x000000000ab5c000 	/usr/lib/system/libremovefile.dylib
0x000000000ab5c000 	/usr/lib/system/libsystem_asl.dylib
0x000000000ab5c000 	/usr/lib/system/libsystem_blocks.dylib
0x000000000ab5c000 	/usr/lib/system/libsystem_c.dylib
0x000000000ab5c000 	/usr/lib/system/libsystem_configuration.dylib
0x000000000ab5c000 	/usr/lib/system/libsystem_coreservices.dylib
0x000000000ab5c000 	/usr/lib/system/libsystem_coretls.dylib
0x000000000ab5c000 	/usr/lib/system/libsystem_dnssd.dylib
0x000000000ab5c000 	/usr/lib/system/libsystem_info.dylib
0x000000000ab5c000 	/usr/lib/system/libsystem_kernel.dylib
0x000000000ab5c000 	/usr/lib/system/libsystem_m.dylib
0x000000000ab5c000 	/usr/lib/system/libsystem_malloc.dylib
0x000000000ab5c000 	/usr/lib/system/libsystem_network.dylib
0x000000000ab5c000 	/usr/lib/system/libsystem_networkextension.dylib
0x000000000ab5c000 	/usr/lib/system/libsystem_notify.dylib
0x000000000ab5c000 	/usr/lib/system/libsystem_platform.dylib
0x000000000ab5c000 	/usr/lib/system/libsystem_pthread.dylib
0x000000000ab5c000 	/usr/lib/system/libsystem_sandbox.dylib
0x000000000ab5c000 	/usr/lib/system/libsystem_secinit.dylib
0x000000000ab5c000 	/usr/lib/system/libsystem_stats.dylib
0x000000000ab5c000 	/usr/lib/system/libsystem_trace.dylib
0x000000000ab5c000 	/usr/lib/system/libunc.dylib
0x000000000ab5c000 	/usr/lib/system/libunwind.dylib
0x000000000ab5c000 	/usr/lib/system/libxpc.dylib
0x000000000ab5c000 	/usr/lib/libbz2.1.0.dylib
0x000000000ab5c000 	/usr/lib/liblzma.5.dylib
0x000000000ab5c000 	/usr/lib/libbsm.0.dylib
0x000000000ab5c000 	/usr/lib/libsqlite3.dylib
0x000000000ab5c000 	/usr/lib/system/libkxld.dylib
0x000000000ab5c000 	/usr/lib/libxar.1.dylib
0x000000000ab5c000 	/usr/lib/libpam.2.dylib
0x000000000ab5c000 	/usr/lib/libOpenScriptingUtil.dylib
0x000000000ab5c000 	/System/Library/Frameworks/CoreServices.framework/Versions/A/Frameworks/FSEvents.framework/Versions/A/FSEvents
0x000000000ab5c000 	/System/Library/Frameworks/CoreServices.framework/Versions/A/Frameworks/CarbonCore.framework/Versions/A/CarbonCore
0x000000000ab5c000 	/System/Library/Frameworks/CoreServices.framework/Versions/A/Frameworks/Metadata.framework/Versions/A/Metadata
0x000000000ab5c000 	/System/Library/Frameworks/CoreServices.framework/Versions/A/Frameworks/OSServices.framework/Versions/A/OSServices
0x000000000ab5c000 	/System/Library/Frameworks/CoreServices.framework/Versions/A/Frameworks/SearchKit.framework/Versions/A/SearchKit
0x000000000ab5c000 	/System/Library/Frameworks/CoreServices.framework/Versions/A/Frameworks/AE.framework/Versions/A/AE
0x000000000ab5c000 	/System/Library/Frameworks/CoreServices.framework/Versions/A/Frameworks/LaunchServices.framework/Versions/A/LaunchServices
0x000000000ab5c000 	/System/Library/Frameworks/CoreServices.framework/Versions/A/Frameworks/DictionaryServices.framework/Versions/A/DictionaryServices
0x000000000ab5c000 	/System/Library/Frameworks/NetFS.framework/Versions/A/NetFS
0x000000000ab5c000 	/System/Library/PrivateFrameworks/NetAuth.framework/Versions/A/NetAuth
0x000000000ab5c000 	/System/Library/PrivateFrameworks/login.framework/Versions/A/Frameworks/loginsupport.framework/Versions/A/loginsupport
0x000000000ab5c000 	/System/Library/PrivateFrameworks/TCC.framework/Versions/A/TCC
0x000000000ab5c000 	/usr/lib/libmecabra.dylib
0x000000000ab5c000 	/System/Library/Frameworks/ApplicationServices.framework/Versions/A/Frameworks/ATS.framework/Versions/A/ATS
0x000000000ab5c000 	/System/Library/Frameworks/ApplicationServices.framework/Versions/A/Frameworks/ColorSync.framework/Versions/A/ColorSync
0x000000000ab5c000 	/System/Library/Frameworks/ApplicationServices.framework/Versions/A/Frameworks/HIServices.framework/Versions/A/HIServices
0x000000000ab5c000 	/System/Library/Frameworks/ApplicationServices.framework/Versions/A/Frameworks/LangAnalysis.framework/Versions/A/LangAnalysis
0x000000000ab5c000 	/System/Library/Frameworks/ApplicationServices.framework/Versions/A/Frameworks/PrintCore.framework/Versions/A/PrintCore
0x000000000ab5c000 	/System/Library/Frameworks/ApplicationServices.framework/Versions/A/Frameworks/QD.framework/Versions/A/QD
0x000000000ab5c000 	/System/Library/Frameworks/ApplicationServices.framework/Versions/A/Frameworks/SpeechSynthesis.framework/Versions/A/SpeechSynthesis
0x000000000ab5c000 	/System/Library/Frameworks/Accelerate.framework/Versions/A/Accelerate
0x000000000ab5c000 	/System/Library/Frameworks/Accelerate.framework/Versions/A/Frameworks/vImage.framework/Versions/A/vImage
0x000000000ab5c000 	/System/Library/Frameworks/Accelerate.framework/Versions/A/Frameworks/vecLib.framework/Versions/A/vecLib
0x000000000ab5c000 	/System/Library/Frameworks/Accelerate.framework/Versions/A/Frameworks/vecLib.framework/Versions/A/libvDSP.dylib
0x000000000ab5c000 	/System/Library/Frameworks/Accelerate.framework/Versions/A/Frameworks/vecLib.framework/Versions/A/libvMisc.dylib
0x000000000ab5c000 	/System/Library/Frameworks/Accelerate.framework/Versions/A/Frameworks/vecLib.framework/Versions/A/libLAPACK.dylib
0x000000000ab5c000 	/System/Library/Frameworks/Accelerate.framework/Versions/A/Frameworks/vecLib.framework/Versions/A/libBLAS.dylib
0x000000000ab5c000 	/System/Library/Frameworks/Accelerate.framework/Versions/A/Frameworks/vecLib.framework/Versions/A/libLinearAlgebra.dylib
0x000000000ab5c000 	/System/Library/Frameworks/ApplicationServices.framework/Versions/A/Frameworks/ATS.framework/Versions/A/Resources/libFontParser.dylib
0x000000000ab5c000 	/System/Library/Frameworks/ApplicationServices.framework/Versions/A/Frameworks/ATS.framework/Versions/A/Resources/libFontRegistry.dylib
0x000000000ab5c000 	/System/Library/PrivateFrameworks/AppleVPA.framework/Versions/A/AppleVPA
0x000000000ab5c000 	/System/Library/PrivateFrameworks/AppleJPEG.framework/Versions/A/AppleJPEG
0x000000000ab5c000 	/System/Library/Frameworks/ImageIO.framework/Versions/A/Resources/libJPEG.dylib
0x000000000ab5c000 	/System/Library/Frameworks/ImageIO.framework/Versions/A/Resources/libTIFF.dylib
0x000000000ab5c000 	/System/Library/Frameworks/ImageIO.framework/Versions/A/Resources/libPng.dylib
0x000000000ab5c000 	/System/Library/Frameworks/ImageIO.framework/Versions/A/Resources/libGIF.dylib
0x000000000ab5c000 	/System/Library/Frameworks/ImageIO.framework/Versions/A/Resources/libJP2.dylib
0x000000000ab5c000 	/System/Library/Frameworks/ImageIO.framework/Versions/A/Resources/libRadiance.dylib
0x000000000ab5c000 	/System/Library/Frameworks/CoreVideo.framework/Versions/A/CoreVideo
0x000000000ab5c000 	/System/Library/Frameworks/OpenGL.framework/Versions/A/Libraries/libGLU.dylib
0x000000000ab5c000 	/System/Library/Frameworks/OpenGL.framework/Versions/A/Libraries/libGFXShared.dylib
0x000000000ab5c000 	/System/Library/Frameworks/OpenGL.framework/Versions/A/Libraries/libGL.dylib
0x000000000ab5c000 	/System/Library/Frameworks/OpenGL.framework/Versions/A/Libraries/libGLImage.dylib
0x000000000ab5c000 	/System/Library/Frameworks/OpenGL.framework/Versions/A/Libraries/libCVMSPluginSupport.dylib
0x000000000ab5c000 	/System/Library/Frameworks/OpenGL.framework/Versions/A/Libraries/libCoreVMClient.dylib
0x000000000ab5c000 	/usr/lib/libcups.2.dylib
0x000000000ab5c000 	/System/Library/Frameworks/Kerberos.framework/Versions/A/Kerberos
0x000000000ab5c000 	/System/Library/Frameworks/GSS.framework/Versions/A/GSS
0x000000000ab5c000 	/usr/lib/libresolv.9.dylib
0x000000000ab5c000 	/usr/lib/libiconv.2.dylib
0x000000000ab5c000 	/System/Library/PrivateFrameworks/Heimdal.framework/Versions/A/Heimdal
0x000000000ab5c000 	/usr/lib/libheimdal-asn1.dylib
0x000000000ab5c000 	/System/Library/Frameworks/OpenDirectory.framework/Versions/A/OpenDirectory
0x000000000ab5c000 	/System/Library/PrivateFrameworks/CommonAuth.framework/Versions/A/CommonAuth
0x000000000ab5c000 	/System/Library/Frameworks/OpenDirectory.framework/Versions/A/Frameworks/CFOpenDirectory.framework/Versions/A/CFOpenDirectory
0x000000000ab5c000 	/System/Library/Frameworks/SecurityFoundation.framework/Versions/A/SecurityFoundation
0x000000000ab5c000 	/System/Library/PrivateFrameworks/LanguageModeling.framework/Versions/A/LanguageModeling
0x000000000ab5c000 	/usr/lib/libcmph.dylib
0x000000000ab5c000 	/System/Library/Frameworks/ServiceManagement.framework/Versions/A/ServiceManagement
0x000000000ab5c000 	/usr/lib/libxslt.1.dylib
0x000000000ab5c000 	/System/Library/Frameworks/Carbon.framework/Versions/A/Frameworks/Ink.framework/Versions/A/Ink
0x000000000ab5c000 	/System/Library/Frameworks/QuartzCore.framework/Versions/A/Frameworks/CoreImage.framework/Versions/A/CoreImage
0x000000000ab5c000 	/System/Library/PrivateFrameworks/CrashReporterSupport.framework/Versions/A/CrashReporterSupport
0x000000000ab5c000 	/System/Library/Frameworks/OpenCL.framework/Versions/A/OpenCL
0x000000000ab5c000 	/System/Library/PrivateFrameworks/FaceCore.framework/Versions/A/FaceCore
0x000000000ab5c000 	/System/Library/PrivateFrameworks/Ubiquity.framework/Versions/A/Ubiquity
0x000000000ab5c000 	/System/Library/PrivateFrameworks/IconServices.framework/Versions/A/IconServices
0x000000000ab5c000 	/System/Library/PrivateFrameworks/ChunkingLibrary.framework/Versions/A/ChunkingLibrary
0x000000000ab5c000 	/System/Library/PrivateFrameworks/Apple80211.framework/Versions/A/Apple80211
0x000000000ab5c000 	/System/Library/Frameworks/CoreWLAN.framework/Versions/A/CoreWLAN
0x000000000ab5c000 	/System/Library/Frameworks/IOBluetooth.framework/Versions/A/IOBluetooth
0x000000000ab5c000 	/System/Library/PrivateFrameworks/CoreWiFi.framework/Versions/A/CoreWiFi
0x000000000ab5c000 	/System/Library/Frameworks/CoreBluetooth.framework/Versions/A/CoreBluetooth
0x000000000ab5c000 	/System/Library/PrivateFrameworks/DebugSymbols.framework/Versions/A/DebugSymbols
0x000000000ab5c000 	/System/Library/PrivateFrameworks/CoreSymbolication.framework/Versions/A/CoreSymbolication
0x000000000ab5c000 	/System/Library/PrivateFrameworks/Symbolication.framework/Versions/A/Symbolication
0x000000000ab5c000 	/System/Library/PrivateFrameworks/SpeechRecognitionCore.framework/Versions/A/SpeechRecognitionCore
0x0000000107400000 	/Library/Java/JavaVirtualMachines/jdk1.8.0_20.jdk/Contents/Home/jre/lib/server/libjvm.dylib
0x000000000ab5c000 	/usr/lib/libstdc++.6.dylib
0x000000010638b000 	/Library/Java/JavaVirtualMachines/jdk1.8.0_20.jdk/Contents/Home/jre/lib/libverify.dylib
0x0000000106399000 	/Library/Java/JavaVirtualMachines/jdk1.8.0_20.jdk/Contents/Home/jre/lib/libjava.dylib
0x00000001063d7000 	/Library/Java/JavaVirtualMachines/jdk1.8.0_20.jdk/Contents/Home/jre/lib/libzip.dylib
0x0000000123fa9000 	/System/Library/Frameworks/JavaVM.framework/Frameworks/JavaRuntimeSupport.framework/JavaRuntimeSupport
0x0000000123fc1000 	/System/Library/Frameworks/JavaVM.framework/Versions/A/Frameworks/JavaNativeFoundation.framework/Versions/A/JavaNativeFoundation
0x0000000123fd6000 	/System/Library/Frameworks/JavaVM.framework/Versions/A/JavaVM
0x000000000ab5c000 	/System/Library/Frameworks/Carbon.framework/Versions/A/Carbon
0x0000000123fe3000 	/System/Library/PrivateFrameworks/JavaLaunching.framework/Versions/A/JavaLaunching
0x000000000ab5c000 	/System/Library/Frameworks/Carbon.framework/Versions/A/Frameworks/CommonPanels.framework/Versions/A/CommonPanels
0x000000000ab5c000 	/System/Library/Frameworks/Carbon.framework/Versions/A/Frameworks/Help.framework/Versions/A/Help
0x000000000ab5c000 	/System/Library/Frameworks/Carbon.framework/Versions/A/Frameworks/ImageCapture.framework/Versions/A/ImageCapture
0x000000000ab5c000 	/System/Library/Frameworks/Carbon.framework/Versions/A/Frameworks/OpenScripting.framework/Versions/A/OpenScripting
0x000000000ab5c000 	/System/Library/Frameworks/Carbon.framework/Versions/A/Frameworks/Print.framework/Versions/A/Print
0x000000000ab5c000 	/System/Library/Frameworks/Carbon.framework/Versions/A/Frameworks/SecurityHI.framework/Versions/A/SecurityHI
0x00000001260dd000 	/Library/Java/JavaVirtualMachines/jdk1.8.0_20.jdk/Contents/Home/jre/lib/libnet.dylib
0x00000001260f4000 	/Library/Java/JavaVirtualMachines/jdk1.8.0_20.jdk/Contents/Home/jre/lib/libnio.dylib
0x000000012601d000 	/private/var/folders/09/f7zsrzrx60q5hfrvdmnbw08m0000gp/T/jffi783907244864458182.dylib

VM Arguments:
java_command: /Users/sean.osterberg/dev/mule-docs-builder/mule-docs-builder/target/mule-docs-builder-1.0.0-SNAPSHOT.jar -s /Users/sean.osterberg/mulesoft-docs/docsite-demo-connect/site-source/ -d /Users/sean.osterberg/mulesoft-docs/_output/ -ghr http://github.com/mulesoft/mule-docs -ghb master
java_class_path (initial): /Users/sean.osterberg/dev/mule-docs-builder/mule-docs-builder/target/mule-docs-builder-1.0.0-SNAPSHOT.jar
Launcher Type: SUN_STANDARD

Environment Variables:
JAVA_HOME=/Library/Java/JavaVirtualMachines/jdk1.8.0_20.jdk/Contents/Home
PATH=/Users/sean.osterberg/.rvm/gems/ruby-2.2.1/bin:/Users/sean.osterberg/.rvm/gems/ruby-2.2.1@global/bin:/Users/sean.osterberg/.rvm/rubies/ruby-2.2.1/bin:/Users/sean.osterberg/.gvm/vertx/current/bin:/Users/sean.osterberg/.gvm/springboot/current/bin:/Users/sean.osterberg/.gvm/lazybones/current/bin:/Users/sean.osterberg/.gvm/jbake/current/bin:/Users/sean.osterberg/.gvm/groovyserv/current/bin:/Users/sean.osterberg/.gvm/groovy/current/bin:/Users/sean.osterberg/.gvm/griffon/current/bin:/Users/sean.osterberg/.gvm/grails/current/bin:/Users/sean.osterberg/.gvm/gradle/current/bin:/Users/sean.osterberg/.gvm/glide/current/bin:/Users/sean.osterberg/.gvm/gaiden/current/bin:/Users/sean.osterberg/.gvm/crash/current/bin:/Users/sean.osterberg/.gvm/asciidoctorj/current/bin:/usr/local/apache-maven/apache-maven-3.2.3/bin/:/usr/local/bin:/usr/bin:/bin:/usr/sbin:/sbin:/opt/X11/bin:/Users/sean.osterberg/.rvm/bin
SHELL=/bin/bash
DISPLAY=/private/tmp/com.apple.launchd.S9idCx0XP5/org.macosforge.xquartz:0

Signal Handlers:
SIGSEGV: [libjvm.dylib+0x578fd7], sa_mask[0]=11111111011111110111111111111111, sa_flags=SA_ONSTACK|SA_RESTART|SA_SIGINFO
SIGBUS: [libjvm.dylib+0x578fd7], sa_mask[0]=11111111011111110111111111111111, sa_flags=SA_RESTART|SA_SIGINFO
SIGFPE: [libjvm.dylib+0x45ab0c], sa_mask[0]=11111111011111110111111111111111, sa_flags=SA_RESTART|SA_SIGINFO
SIGPIPE: [libjvm.dylib+0x45ab0c], sa_mask[0]=11111111011111110111111111111111, sa_flags=SA_RESTART|SA_SIGINFO
SIGXFSZ: [libjvm.dylib+0x45ab0c], sa_mask[0]=11111111011111110111111111111111, sa_flags=SA_RESTART|SA_SIGINFO
SIGILL: [libjvm.dylib+0x45ab0c], sa_mask[0]=11111111011111110111111111111111, sa_flags=SA_RESTART|SA_SIGINFO
SIGUSR1: SIG_DFL, sa_mask[0]=11011111011111100000000111000110, sa_flags=none
SIGUSR2: [libjvm.dylib+0x45a62a], sa_mask[0]=00000000000000000000000000000000, sa_flags=SA_RESTART|SA_SIGINFO
SIGHUP: [libjvm.dylib+0x458bfd], sa_mask[0]=11111111011111110111111111111111, sa_flags=SA_RESTART|SA_SIGINFO
SIGINT: [libjvm.dylib+0x458bfd], sa_mask[0]=11111111011111110111111111111111, sa_flags=SA_RESTART|SA_SIGINFO
SIGTERM: [libjvm.dylib+0x458bfd], sa_mask[0]=11111111011111110111111111111111, sa_flags=SA_RESTART|SA_SIGINFO
SIGQUIT: [libjvm.dylib+0x458bfd], sa_mask[0]=11111111011111110111111111111111, sa_flags=SA_RESTART|SA_SIGINFO


---------------  S Y S T E M  ---------------

OS:Bsduname:Darwin 14.5.0 Darwin Kernel Version 14.5.0: Wed Jul 29 02:26:53 PDT 2015; root:xnu-2782.40.9~1/RELEASE_X86_64 x86_64
rlimit: STACK 8192k, CORE 0k, NPROC 709, NOFILE 10240, AS infinity
load average:4.83 4.77 4.29

CPU:total 8 (4 cores per cpu, 2 threads per core) family 6 model 70 stepping 1, cmov, cx8, fxsr, mmx, sse, sse2, sse3, ssse3, sse4.1, sse4.2, popcnt, avx, avx2, aes, clmul, erms, rtm, lzcnt, ht, tsc, tscinvbit, bmi1, bmi2

Memory: 4k page, physical 16777216k(44488k free)

/proc/meminfo:


vm_info: Java HotSpot(TM) 64-Bit Server VM (25.20-b23) for bsd-amd64 JRE (1.8.0_20-b26), built on Jul 30 2014 13:37:47 by "java_re" with gcc 4.2.1 (Based on Apple Inc. build 5658) (LLVM build 2336.9.00)

time: Tue Aug 18 02:11:35 2015
elapsed time: 39 seconds (0d 0h 0m 39s)

